Started GET "/" for 127.0.0.1 at 2023-05-15 19:55:18 +0300
Processing by Rails::WelcomeController#index as HTML
  Rendering /home/unholy/.rbenv/versions/3.1.2/lib/ruby/gems/3.1.0/gems/railties-7.0.4.3/lib/rails/templates/rails/welcome/index.html.erb
  Rendered /home/unholy/.rbenv/versions/3.1.2/lib/ruby/gems/3.1.0/gems/railties-7.0.4.3/lib/rails/templates/rails/welcome/index.html.erb (Duration: 6.3ms | Allocations: 636)
Completed 200 OK in 68ms (Views: 26.8ms | ActiveRecord: 0.0ms | Allocations: 5100)


Started GET "/" for 127.0.0.1 at 2023-05-22 22:50:38 +0300
Processing by Rails::WelcomeController#index as HTML
  Rendering /home/unholy/.rbenv/versions/3.1.2/lib/ruby/gems/3.1.0/gems/railties-7.0.4.3/lib/rails/templates/rails/welcome/index.html.erb
  Rendered /home/unholy/.rbenv/versions/3.1.2/lib/ruby/gems/3.1.0/gems/railties-7.0.4.3/lib/rails/templates/rails/welcome/index.html.erb (Duration: 5.3ms | Allocations: 528)
Completed 200 OK in 30ms (Views: 11.7ms | ActiveRecord: 0.0ms | Allocations: 3756)


Started GET "/" for 127.0.0.1 at 2023-05-23 13:05:33 +0300
Processing by Rails::WelcomeController#index as HTML
  Rendering /home/unholy/.rbenv/versions/3.1.2/lib/ruby/gems/3.1.0/gems/railties-7.0.4.3/lib/rails/templates/rails/welcome/index.html.erb
  Rendered /home/unholy/.rbenv/versions/3.1.2/lib/ruby/gems/3.1.0/gems/railties-7.0.4.3/lib/rails/templates/rails/welcome/index.html.erb (Duration: 2.5ms | Allocations: 528)
Completed 200 OK in 32ms (Views: 10.6ms | ActiveRecord: 0.0ms | Allocations: 3759)


Started GET "/" for 127.0.0.1 at 2023-05-24 22:50:08 +0300
Processing by Rails::WelcomeController#index as HTML
  Rendering /home/unholy/.rbenv/versions/3.1.2/lib/ruby/gems/3.1.0/gems/railties-7.0.4.3/lib/rails/templates/rails/welcome/index.html.erb
  Rendered /home/unholy/.rbenv/versions/3.1.2/lib/ruby/gems/3.1.0/gems/railties-7.0.4.3/lib/rails/templates/rails/welcome/index.html.erb (Duration: 2.5ms | Allocations: 528)
Completed 200 OK in 25ms (Views: 6.7ms | ActiveRecord: 0.0ms | Allocations: 3757)


Started GET "/" for 127.0.0.1 at 2023-05-24 22:52:03 +0300
Processing by Rails::WelcomeController#index as HTML
  Rendering /home/unholy/.rbenv/versions/3.1.2/lib/ruby/gems/3.1.0/gems/railties-7.0.4.3/lib/rails/templates/rails/welcome/index.html.erb
  Rendered /home/unholy/.rbenv/versions/3.1.2/lib/ruby/gems/3.1.0/gems/railties-7.0.4.3/lib/rails/templates/rails/welcome/index.html.erb (Duration: 2.8ms | Allocations: 528)
Completed 200 OK in 14ms (Views: 6.6ms | ActiveRecord: 0.0ms | Allocations: 3757)


Started GET "/" for 127.0.0.1 at 2023-05-24 22:52:45 +0300
Processing by Rails::WelcomeController#index as HTML
  Rendering /home/unholy/.rbenv/versions/3.1.2/lib/ruby/gems/3.1.0/gems/railties-7.0.4.3/lib/rails/templates/rails/welcome/index.html.erb
  Rendered /home/unholy/.rbenv/versions/3.1.2/lib/ruby/gems/3.1.0/gems/railties-7.0.4.3/lib/rails/templates/rails/welcome/index.html.erb (Duration: 1.5ms | Allocations: 528)
Completed 200 OK in 11ms (Views: 4.6ms | ActiveRecord: 0.0ms | Allocations: 3757)


Started GET "/" for 127.0.0.1 at 2023-05-24 22:54:13 +0300
Processing by Rails::WelcomeController#index as HTML
  Rendering /home/unholy/.rbenv/versions/3.1.2/lib/ruby/gems/3.1.0/gems/railties-7.0.4.3/lib/rails/templates/rails/welcome/index.html.erb
  Rendered /home/unholy/.rbenv/versions/3.1.2/lib/ruby/gems/3.1.0/gems/railties-7.0.4.3/lib/rails/templates/rails/welcome/index.html.erb (Duration: 1.6ms | Allocations: 528)
Completed 200 OK in 15ms (Views: 8.6ms | ActiveRecord: 0.0ms | Allocations: 3757)


Started GET "/www.thinknetica.com" for 127.0.0.1 at 2023-05-24 22:54:25 +0300
  
ActionController::RoutingError (No route matches [GET] "/www.thinknetica.com"):
  
Started GET "/" for 127.0.0.1 at 2023-05-29 11:33:56 +0300
Processing by Rails::WelcomeController#index as HTML
  Rendering /home/unholy/.rbenv/versions/3.1.2/lib/ruby/gems/3.1.0/gems/railties-7.0.4.3/lib/rails/templates/rails/welcome/index.html.erb
  Rendered /home/unholy/.rbenv/versions/3.1.2/lib/ruby/gems/3.1.0/gems/railties-7.0.4.3/lib/rails/templates/rails/welcome/index.html.erb (Duration: 3.0ms | Allocations: 528)
Completed 200 OK in 30ms (Views: 8.0ms | ActiveRecord: 0.0ms | Allocations: 3757)


  [1m[35m (9.3ms)[0m  [1m[35mCREATE TABLE "schema_migrations" ("version" varchar NOT NULL PRIMARY KEY)[0m
  [1m[35m (6.5ms)[0m  [1m[35mCREATE TABLE "ar_internal_metadata" ("key" varchar NOT NULL PRIMARY KEY, "value" varchar, "created_at" datetime(6) NOT NULL, "updated_at" datetime(6) NOT NULL)[0m
  [1m[36mActiveRecord::SchemaMigration Pluck (0.2ms)[0m  [1m[34mSELECT "schema_migrations"."version" FROM "schema_migrations" ORDER BY "schema_migrations"."version" ASC[0m
Migrating to CreateTests (20230603085229)
  [1m[36mTRANSACTION (0.1ms)[0m  [1m[36mbegin transaction[0m
  [1m[35m (0.4ms)[0m  [1m[35mCREATE TABLE "tests" ("id" integer PRIMARY KEY AUTOINCREMENT NOT NULL, "title" varchar, "level" integer, "created_at" datetime(6) NOT NULL, "updated_at" datetime(6) NOT NULL)[0m
  [1m[36mActiveRecord::SchemaMigration Create (1.2ms)[0m  [1m[32mINSERT INTO "schema_migrations" ("version") VALUES (?)[0m  [["version", "20230603085229"]]
  [1m[36mTRANSACTION (10.3ms)[0m  [1m[36mcommit transaction[0m
  [1m[36mActiveRecord::InternalMetadata Load (0.2ms)[0m  [1m[34mSELECT "ar_internal_metadata".* FROM "ar_internal_metadata" WHERE "ar_internal_metadata"."key" = ? LIMIT ?[0m  [["key", "environment"], ["LIMIT", 1]]
  [1m[36mTRANSACTION (0.1ms)[0m  [1m[36mbegin transaction[0m
  [1m[36mActiveRecord::InternalMetadata Create (0.4ms)[0m  [1m[32mINSERT INTO "ar_internal_metadata" ("key", "value", "created_at", "updated_at") VALUES (?, ?, ?, ?)[0m  [["key", "environment"], ["value", "development"], ["created_at", "2023-06-03 09:01:37.236101"], ["updated_at", "2023-06-03 09:01:37.236101"]]
  [1m[36mTRANSACTION (5.1ms)[0m  [1m[36mcommit transaction[0m
  [1m[36mActiveRecord::SchemaMigration Pluck (0.3ms)[0m  [1m[34mSELECT "schema_migrations"."version" FROM "schema_migrations" ORDER BY "schema_migrations"."version" ASC[0m
  [1m[36mTest Count (0.2ms)[0m  [1m[34mSELECT COUNT(*) FROM "tests"[0m
  [1m[36mTRANSACTION (0.1ms)[0m  [1m[36mbegin transaction[0m
  [1m[36mTest Create (1.5ms)[0m  [1m[32mINSERT INTO "tests" ("title", "level", "created_at", "updated_at") VALUES (?, ?, ?, ?)[0m  [["title", nil], ["level", nil], ["created_at", "2023-06-03 09:05:53.896378"], ["updated_at", "2023-06-03 09:05:53.896378"]]
  [1m[36mTRANSACTION (10.9ms)[0m  [1m[36mcommit transaction[0m
  [1m[36mTest Count (0.1ms)[0m  [1m[34mSELECT COUNT(*) FROM "tests"[0m
  [1m[36mTest Load (0.2ms)[0m  [1m[34mSELECT "tests".* FROM "tests" ORDER BY "tests"."id" ASC LIMIT ?[0m  [["LIMIT", 1]]
  [1m[36mTest Load (0.1ms)[0m  [1m[34mSELECT "tests".* FROM "tests" ORDER BY "tests"."id" ASC LIMIT ?[0m  [["LIMIT", 1]]
  [1m[36mTest Load (0.1ms)[0m  [1m[34mSELECT "tests".* FROM "tests" ORDER BY "tests"."id" ASC LIMIT ?[0m  [["LIMIT", 1]]
  [1m[36mTest Load (0.1ms)[0m  [1m[34mSELECT "tests".* FROM "tests" ORDER BY "tests"."id" ASC LIMIT ?[0m  [["LIMIT", 1]]
  [1m[36mTRANSACTION (0.1ms)[0m  [1m[36mbegin transaction[0m
  [1m[36mTest Update (0.3ms)[0m  [1m[33mUPDATE "tests" SET "title" = ?, "updated_at" = ? WHERE "tests"."id" = ?[0m  [["title", "Ruby"], ["updated_at", "2023-06-03 09:11:58.509242"], ["id", 1]]
  [1m[36mTRANSACTION (5.3ms)[0m  [1m[36mcommit transaction[0m
  [1m[36mTest Load (0.1ms)[0m  [1m[34mSELECT "tests".* FROM "tests" ORDER BY "tests"."id" ASC LIMIT ?[0m  [["LIMIT", 1]]
  [1m[36mTest Load (0.2ms)[0m  [1m[34mSELECT "tests".* FROM "tests" ORDER BY "tests"."id" ASC LIMIT ?[0m  [["LIMIT", 1]]
  [1m[36mActiveRecord::SchemaMigration Pluck (0.2ms)[0m  [1m[34mSELECT "schema_migrations"."version" FROM "schema_migrations" ORDER BY "schema_migrations"."version" ASC[0m
Migrating to AddTestsTitleNullConstraint (20230603092712)
  [1m[36mTRANSACTION (0.1ms)[0m  [1m[36mbegin transaction[0m
  [1m[35m (0.1ms)[0m  [1m[35mPRAGMA foreign_keys[0m
  [1m[35m (0.1ms)[0m  [1m[35mPRAGMA defer_foreign_keys[0m
  [1m[35m (0.1ms)[0m  [1m[35mPRAGMA defer_foreign_keys = ON[0m
  [1m[35m (0.1ms)[0m  [1m[35mPRAGMA foreign_keys = OFF[0m
  [1m[35m (0.2ms)[0m  [1m[35mCREATE TEMPORARY TABLE "atests" ("id" integer NOT NULL PRIMARY KEY, "title" varchar DEFAULT NULL, "level" integer DEFAULT NULL, "created_at" datetime(6) NOT NULL, "updated_at" datetime(6) NOT NULL)[0m
  [1m[35m (0.2ms)[0m  [1m[32mINSERT INTO "atests" ("id","title","level","created_at","updated_at")
                     SELECT "id","title","level","created_at","updated_at" FROM "tests"[0m
  [1m[35m (2.7ms)[0m  [1m[35mDROP TABLE "tests"[0m
  [1m[35m (0.4ms)[0m  [1m[35mCREATE TABLE "tests" ("id" integer NOT NULL PRIMARY KEY, "title" varchar NOT NULL, "level" integer DEFAULT NULL, "created_at" datetime(6) NOT NULL, "updated_at" datetime(6) NOT NULL)[0m
  [1m[35m (0.1ms)[0m  [1m[32mINSERT INTO "tests" ("id","title","level","created_at","updated_at")
                     SELECT "id","title","level","created_at","updated_at" FROM "atests"[0m
  [1m[35m (0.1ms)[0m  [1m[35mDROP TABLE "atests"[0m
  [1m[35m (0.1ms)[0m  [1m[35mPRAGMA defer_foreign_keys = 0[0m
  [1m[35m (0.0ms)[0m  [1m[35mPRAGMA foreign_keys = 1[0m
  [1m[36mActiveRecord::SchemaMigration Create (1.0ms)[0m  [1m[32mINSERT INTO "schema_migrations" ("version") VALUES (?)[0m  [["version", "20230603092712"]]
  [1m[36mTRANSACTION (15.8ms)[0m  [1m[36mcommit transaction[0m
  [1m[36mActiveRecord::InternalMetadata Load (0.2ms)[0m  [1m[34mSELECT "ar_internal_metadata".* FROM "ar_internal_metadata" WHERE "ar_internal_metadata"."key" = ? LIMIT ?[0m  [["key", "environment"], ["LIMIT", 1]]
  [1m[36mActiveRecord::SchemaMigration Pluck (0.1ms)[0m  [1m[34mSELECT "schema_migrations"."version" FROM "schema_migrations" ORDER BY "schema_migrations"."version" ASC[0m
  [1m[36mActiveRecord::SchemaMigration Pluck (0.1ms)[0m  [1m[34mSELECT "schema_migrations"."version" FROM "schema_migrations" ORDER BY "schema_migrations"."version" ASC[0m
  [1m[36mTRANSACTION (0.1ms)[0m  [1m[36mbegin transaction[0m
  [1m[36mTest Create (0.6ms)[0m  [1m[32mINSERT INTO "tests" ("title", "level", "created_at", "updated_at") VALUES (?, ?, ?, ?)[0m  [["title", nil], ["level", nil], ["created_at", "2023-06-03 09:32:45.903733"], ["updated_at", "2023-06-03 09:32:45.903733"]]
  [1m[36mTRANSACTION (0.1ms)[0m  [1m[31mrollback transaction[0m
  [1m[36mActiveRecord::SchemaMigration Pluck (0.2ms)[0m  [1m[34mSELECT "schema_migrations"."version" FROM "schema_migrations" ORDER BY "schema_migrations"."version" ASC[0m
  [1m[36mActiveRecord::SchemaMigration Pluck (0.1ms)[0m  [1m[34mSELECT "schema_migrations"."version" FROM "schema_migrations" ORDER BY "schema_migrations"."version" ASC[0m
  [1m[36mActiveRecord::SchemaMigration Pluck (0.1ms)[0m  [1m[34mSELECT "schema_migrations"."version" FROM "schema_migrations" ORDER BY "schema_migrations"."version" ASC[0m
  [1m[36mActiveRecord::SchemaMigration Pluck (0.1ms)[0m  [1m[34mSELECT "schema_migrations"."version" FROM "schema_migrations" ORDER BY "schema_migrations"."version" ASC[0m
  [1m[36mActiveRecord::SchemaMigration Pluck (0.1ms)[0m  [1m[34mSELECT "schema_migrations"."version" FROM "schema_migrations" ORDER BY "schema_migrations"."version" ASC[0m
Migrating to AddTestsTitleNullConstraint (20230603092712)
  [1m[36mTRANSACTION (0.1ms)[0m  [1m[36mbegin transaction[0m
  [1m[35m (0.0ms)[0m  [1m[35mPRAGMA foreign_keys[0m
  [1m[35m (0.3ms)[0m  [1m[35mPRAGMA defer_foreign_keys[0m
  [1m[35m (0.1ms)[0m  [1m[35mPRAGMA defer_foreign_keys = ON[0m
  [1m[35m (0.1ms)[0m  [1m[35mPRAGMA foreign_keys = OFF[0m
  [1m[35m (0.2ms)[0m  [1m[35mCREATE TEMPORARY TABLE "atests" ("id" integer NOT NULL PRIMARY KEY, "title" varchar NOT NULL, "level" integer DEFAULT NULL, "created_at" datetime(6) NOT NULL, "updated_at" datetime(6) NOT NULL)[0m
  [1m[35m (0.2ms)[0m  [1m[32mINSERT INTO "atests" ("id","title","level","created_at","updated_at")
                     SELECT "id","title","level","created_at","updated_at" FROM "tests"[0m
  [1m[35m (0.3ms)[0m  [1m[35mDROP TABLE "tests"[0m
  [1m[35m (0.3ms)[0m  [1m[35mCREATE TABLE "tests" ("id" integer NOT NULL PRIMARY KEY, "title" varchar DEFAULT NULL, "level" integer DEFAULT NULL, "created_at" datetime(6) NOT NULL, "updated_at" datetime(6) NOT NULL)[0m
  [1m[35m (0.1ms)[0m  [1m[32mINSERT INTO "tests" ("id","title","level","created_at","updated_at")
                     SELECT "id","title","level","created_at","updated_at" FROM "atests"[0m
  [1m[35m (0.1ms)[0m  [1m[35mDROP TABLE "atests"[0m
  [1m[35m (0.1ms)[0m  [1m[35mPRAGMA defer_foreign_keys = 0[0m
  [1m[35m (0.1ms)[0m  [1m[35mPRAGMA foreign_keys = 1[0m
  [1m[36mActiveRecord::SchemaMigration Delete All (0.5ms)[0m  [1m[31mDELETE FROM "schema_migrations" WHERE "schema_migrations"."version" = ?[0m  [["version", "20230603092712"]]
  [1m[36mTRANSACTION (10.2ms)[0m  [1m[36mcommit transaction[0m
  [1m[36mActiveRecord::SchemaMigration Pluck (0.7ms)[0m  [1m[34mSELECT "schema_migrations"."version" FROM "schema_migrations" ORDER BY "schema_migrations"."version" ASC[0m
  [1m[36mActiveRecord::SchemaMigration Pluck (0.2ms)[0m  [1m[34mSELECT "schema_migrations"."version" FROM "schema_migrations" ORDER BY "schema_migrations"."version" ASC[0m
  [1m[36mActiveRecord::SchemaMigration Pluck (0.6ms)[0m  [1m[34mSELECT "schema_migrations"."version" FROM "schema_migrations" ORDER BY "schema_migrations"."version" ASC[0m
  [1m[36mActiveRecord::SchemaMigration Pluck (0.1ms)[0m  [1m[34mSELECT "schema_migrations"."version" FROM "schema_migrations" ORDER BY "schema_migrations"."version" ASC[0m
  [1m[36mActiveRecord::SchemaMigration Pluck (0.1ms)[0m  [1m[34mSELECT "schema_migrations"."version" FROM "schema_migrations" ORDER BY "schema_migrations"."version" ASC[0m
Migrating to AddTestsTitleNullConstraint (20230603092712)
  [1m[36mTRANSACTION (0.2ms)[0m  [1m[36mbegin transaction[0m
  [1m[35m (0.1ms)[0m  [1m[35mPRAGMA foreign_keys[0m
  [1m[35m (0.2ms)[0m  [1m[35mPRAGMA defer_foreign_keys[0m
  [1m[35m (0.1ms)[0m  [1m[35mPRAGMA defer_foreign_keys = ON[0m
  [1m[35m (0.1ms)[0m  [1m[35mPRAGMA foreign_keys = OFF[0m
  [1m[35m (0.2ms)[0m  [1m[35mCREATE TEMPORARY TABLE "atests" ("id" integer NOT NULL PRIMARY KEY, "title" varchar DEFAULT NULL, "level" integer DEFAULT NULL, "created_at" datetime(6) NOT NULL, "updated_at" datetime(6) NOT NULL)[0m
  [1m[35m (0.1ms)[0m  [1m[32mINSERT INTO "atests" ("id","title","level","created_at","updated_at")
                     SELECT "id","title","level","created_at","updated_at" FROM "tests"[0m
  [1m[35m (1.1ms)[0m  [1m[35mDROP TABLE "tests"[0m
  [1m[35m (0.2ms)[0m  [1m[35mCREATE TABLE "tests" ("id" integer NOT NULL PRIMARY KEY, "title" varchar NOT NULL, "level" integer DEFAULT NULL, "created_at" datetime(6) NOT NULL, "updated_at" datetime(6) NOT NULL)[0m
  [1m[35m (0.1ms)[0m  [1m[32mINSERT INTO "tests" ("id","title","level","created_at","updated_at")
                     SELECT "id","title","level","created_at","updated_at" FROM "atests"[0m
  [1m[35m (0.1ms)[0m  [1m[35mDROP TABLE "atests"[0m
  [1m[35m (0.1ms)[0m  [1m[35mPRAGMA defer_foreign_keys = 0[0m
  [1m[35m (0.2ms)[0m  [1m[35mPRAGMA foreign_keys = 1[0m
  [1m[36mActiveRecord::SchemaMigration Create (0.3ms)[0m  [1m[32mINSERT INTO "schema_migrations" ("version") VALUES (?)[0m  [["version", "20230603092712"]]
  [1m[36mTRANSACTION (14.9ms)[0m  [1m[36mcommit transaction[0m
  [1m[36mActiveRecord::InternalMetadata Load (0.3ms)[0m  [1m[34mSELECT "ar_internal_metadata".* FROM "ar_internal_metadata" WHERE "ar_internal_metadata"."key" = ? LIMIT ?[0m  [["key", "environment"], ["LIMIT", 1]]
  [1m[36mActiveRecord::SchemaMigration Pluck (0.2ms)[0m  [1m[34mSELECT "schema_migrations"."version" FROM "schema_migrations" ORDER BY "schema_migrations"."version" ASC[0m
  [1m[36mActiveRecord::SchemaMigration Pluck (0.2ms)[0m  [1m[34mSELECT "schema_migrations"."version" FROM "schema_migrations" ORDER BY "schema_migrations"."version" ASC[0m
  [1m[36mTest Count (0.2ms)[0m  [1m[34mSELECT COUNT(*) FROM "tests"[0m
  [1m[36mTest Load (0.3ms)[0m  [1m[34mSELECT "tests".* FROM "tests" ORDER BY "tests"."id" ASC LIMIT ?[0m  [["LIMIT", 1]]
  [1m[36mTest Load (0.2ms)[0m  [1m[34mSELECT "tests".* FROM "tests"[0m
  [1m[36mActiveRecord::SchemaMigration Pluck (0.2ms)[0m  [1m[34mSELECT "schema_migrations"."version" FROM "schema_migrations" ORDER BY "schema_migrations"."version" ASC[0m
Migrating to CreateQuestions (20230606204501)
  [1m[36mTRANSACTION (0.1ms)[0m  [1m[36mbegin transaction[0m
  [1m[35m (1.5ms)[0m  [1m[35mCREATE TABLE "questions" ("id" integer PRIMARY KEY AUTOINCREMENT NOT NULL, "body" varchar, "test_id" integer, "created_at" datetime(6) NOT NULL, "updated_at" datetime(6) NOT NULL)[0m
  [1m[36mActiveRecord::SchemaMigration Create (1.4ms)[0m  [1m[32mINSERT INTO "schema_migrations" ("version") VALUES (?)[0m  [["version", "20230606204501"]]
  [1m[36mTRANSACTION (11.5ms)[0m  [1m[36mcommit transaction[0m
  [1m[36mActiveRecord::InternalMetadata Load (0.2ms)[0m  [1m[34mSELECT "ar_internal_metadata".* FROM "ar_internal_metadata" WHERE "ar_internal_metadata"."key" = ? LIMIT ?[0m  [["key", "environment"], ["LIMIT", 1]]
  [1m[36mActiveRecord::SchemaMigration Pluck (0.1ms)[0m  [1m[34mSELECT "schema_migrations"."version" FROM "schema_migrations" ORDER BY "schema_migrations"."version" ASC[0m
  [1m[36mActiveRecord::SchemaMigration Pluck (0.1ms)[0m  [1m[34mSELECT "schema_migrations"."version" FROM "schema_migrations" ORDER BY "schema_migrations"."version" ASC[0m
Migrating to CreateAnswers (20230606205412)
  [1m[36mTRANSACTION (0.1ms)[0m  [1m[36mbegin transaction[0m
  [1m[35m (1.0ms)[0m  [1m[35mCREATE TABLE "answers" ("id" integer PRIMARY KEY AUTOINCREMENT NOT NULL, "body" varchar, "positive" boolean, "question_id" integer, "created_at" datetime(6) NOT NULL, "updated_at" datetime(6) NOT NULL)[0m
  [1m[36mActiveRecord::SchemaMigration Create (1.2ms)[0m  [1m[32mINSERT INTO "schema_migrations" ("version") VALUES (?)[0m  [["version", "20230606205412"]]
  [1m[36mTRANSACTION (18.9ms)[0m  [1m[36mcommit transaction[0m
Migrating to CreateUsers (20230606205455)
  [1m[36mTRANSACTION (0.1ms)[0m  [1m[36mbegin transaction[0m
  [1m[35m (0.4ms)[0m  [1m[35mCREATE TABLE "users" ("id" integer PRIMARY KEY AUTOINCREMENT NOT NULL, "name" varchar, "role" varchar, "created_at" datetime(6) NOT NULL, "updated_at" datetime(6) NOT NULL)[0m
  [1m[36mActiveRecord::SchemaMigration Create (0.2ms)[0m  [1m[32mINSERT INTO "schema_migrations" ("version") VALUES (?)[0m  [["version", "20230606205455"]]
  [1m[36mTRANSACTION (11.1ms)[0m  [1m[36mcommit transaction[0m
Migrating to CreateResults (20230606210048)
  [1m[36mTRANSACTION (0.2ms)[0m  [1m[36mbegin transaction[0m
  [1m[35m (0.4ms)[0m  [1m[35mCREATE TABLE "results" ("id" integer PRIMARY KEY AUTOINCREMENT NOT NULL, "user_id" integer, "user_name" varchar, "test_id" integer, "test_title" varchar, "question_id" integer, "question_body" varchar, "answer_body" varchar, "answer_positive" boolean, "created_at" datetime(6) NOT NULL, "updated_at" datetime(6) NOT NULL)[0m
  [1m[36mActiveRecord::SchemaMigration Create (0.1ms)[0m  [1m[32mINSERT INTO "schema_migrations" ("version") VALUES (?)[0m  [["version", "20230606210048"]]
  [1m[36mTRANSACTION (16.8ms)[0m  [1m[36mcommit transaction[0m
Migrating to CreateCategories (20230606210235)
  [1m[36mTRANSACTION (0.1ms)[0m  [1m[36mbegin transaction[0m
  [1m[35m (0.4ms)[0m  [1m[35mCREATE TABLE "categories" ("id" integer PRIMARY KEY AUTOINCREMENT NOT NULL, "title" varchar, "created_at" datetime(6) NOT NULL, "updated_at" datetime(6) NOT NULL)[0m
  [1m[36mActiveRecord::SchemaMigration Create (0.3ms)[0m  [1m[32mINSERT INTO "schema_migrations" ("version") VALUES (?)[0m  [["version", "20230606210235"]]
  [1m[36mTRANSACTION (14.1ms)[0m  [1m[36mcommit transaction[0m
Migrating to AddLevelToUser (20230606210715)
  [1m[36mTRANSACTION (0.1ms)[0m  [1m[36mbegin transaction[0m
  [1m[35m (1.2ms)[0m  [1m[35mALTER TABLE "users" ADD "level" integer[0m
  [1m[36mActiveRecord::SchemaMigration Create (1.1ms)[0m  [1m[32mINSERT INTO "schema_migrations" ("version") VALUES (?)[0m  [["version", "20230606210715"]]
  [1m[36mTRANSACTION (6.9ms)[0m  [1m[36mcommit transaction[0m
  [1m[36mActiveRecord::InternalMetadata Load (0.2ms)[0m  [1m[34mSELECT "ar_internal_metadata".* FROM "ar_internal_metadata" WHERE "ar_internal_metadata"."key" = ? LIMIT ?[0m  [["key", "environment"], ["LIMIT", 1]]
  [1m[36mActiveRecord::SchemaMigration Pluck (0.2ms)[0m  [1m[34mSELECT "schema_migrations"."version" FROM "schema_migrations" ORDER BY "schema_migrations"."version" ASC[0m
  [1m[36mActiveRecord::SchemaMigration Pluck (0.4ms)[0m  [1m[34mSELECT "schema_migrations"."version" FROM "schema_migrations" ORDER BY "schema_migrations"."version" ASC[0m
Migrating to CreateResultTests (20230606211923)
  [1m[36mTRANSACTION (0.1ms)[0m  [1m[36mbegin transaction[0m
  [1m[35m (1.0ms)[0m  [1m[35mCREATE TABLE "result_tests" ("id" integer PRIMARY KEY AUTOINCREMENT NOT NULL, "user_id" integer, "user_name" varchar, "test_id" integer, "test_title" varchar, "passed" boolean, "created_at" datetime(6) NOT NULL, "updated_at" datetime(6) NOT NULL)[0m
  [1m[36mActiveRecord::SchemaMigration Create (0.2ms)[0m  [1m[32mINSERT INTO "schema_migrations" ("version") VALUES (?)[0m  [["version", "20230606211923"]]
  [1m[36mTRANSACTION (17.8ms)[0m  [1m[36mcommit transaction[0m
  [1m[36mActiveRecord::InternalMetadata Load (0.2ms)[0m  [1m[34mSELECT "ar_internal_metadata".* FROM "ar_internal_metadata" WHERE "ar_internal_metadata"."key" = ? LIMIT ?[0m  [["key", "environment"], ["LIMIT", 1]]
  [1m[36mActiveRecord::SchemaMigration Pluck (0.1ms)[0m  [1m[34mSELECT "schema_migrations"."version" FROM "schema_migrations" ORDER BY "schema_migrations"."version" ASC[0m
  [1m[36mActiveRecord::SchemaMigration Pluck (0.1ms)[0m  [1m[34mSELECT "schema_migrations"."version" FROM "schema_migrations" ORDER BY "schema_migrations"."version" ASC[0m
Migrating to AddNullConstraint (20230606212423)
  [1m[36mTRANSACTION (0.1ms)[0m  [1m[36mbegin transaction[0m
  [1m[35m (0.1ms)[0m  [1m[35mPRAGMA foreign_keys[0m
  [1m[35m (0.1ms)[0m  [1m[35mPRAGMA defer_foreign_keys[0m
  [1m[35m (0.1ms)[0m  [1m[35mPRAGMA defer_foreign_keys = ON[0m
  [1m[35m (0.0ms)[0m  [1m[35mPRAGMA foreign_keys = OFF[0m
  [1m[35m (0.2ms)[0m  [1m[35mCREATE TEMPORARY TABLE "aanswers" ("id" integer NOT NULL PRIMARY KEY, "body" varchar DEFAULT NULL, "positive" boolean DEFAULT NULL, "question_id" integer DEFAULT NULL, "created_at" datetime(6) NOT NULL, "updated_at" datetime(6) NOT NULL)[0m
  [1m[35m (0.1ms)[0m  [1m[32mINSERT INTO "aanswers" ("id","body","positive","question_id","created_at","updated_at")
                     SELECT "id","body","positive","question_id","created_at","updated_at" FROM "answers"[0m
  [1m[35m (0.2ms)[0m  [1m[35mDROP TABLE "answers"[0m
  [1m[35m (0.2ms)[0m  [1m[35mCREATE TABLE "answers" ("id" integer NOT NULL PRIMARY KEY, "body" varchar NOT NULL, "positive" boolean DEFAULT NULL, "question_id" integer DEFAULT NULL, "created_at" datetime(6) NOT NULL, "updated_at" datetime(6) NOT NULL)[0m
  [1m[35m (0.1ms)[0m  [1m[32mINSERT INTO "answers" ("id","body","positive","question_id","created_at","updated_at")
                     SELECT "id","body","positive","question_id","created_at","updated_at" FROM "aanswers"[0m
  [1m[35m (0.2ms)[0m  [1m[35mDROP TABLE "aanswers"[0m
  [1m[35m (0.1ms)[0m  [1m[35mPRAGMA defer_foreign_keys = 0[0m
  [1m[35m (0.1ms)[0m  [1m[35mPRAGMA foreign_keys = 1[0m
  [1m[35m (0.0ms)[0m  [1m[35mPRAGMA foreign_keys[0m
  [1m[35m (0.1ms)[0m  [1m[35mPRAGMA defer_foreign_keys[0m
  [1m[35m (0.0ms)[0m  [1m[35mPRAGMA defer_foreign_keys = ON[0m
  [1m[35m (0.0ms)[0m  [1m[35mPRAGMA foreign_keys = OFF[0m
  [1m[35m (0.2ms)[0m  [1m[35mCREATE TEMPORARY TABLE "aanswers" ("id" integer NOT NULL PRIMARY KEY, "body" varchar NOT NULL, "positive" boolean DEFAULT NULL, "question_id" integer DEFAULT NULL, "created_at" datetime(6) NOT NULL, "updated_at" datetime(6) NOT NULL)[0m
  [1m[35m (0.1ms)[0m  [1m[32mINSERT INTO "aanswers" ("id","body","positive","question_id","created_at","updated_at")
                     SELECT "id","body","positive","question_id","created_at","updated_at" FROM "answers"[0m
  [1m[35m (0.2ms)[0m  [1m[35mDROP TABLE "answers"[0m
  [1m[35m (0.2ms)[0m  [1m[35mCREATE TABLE "answers" ("id" integer NOT NULL PRIMARY KEY, "body" varchar NOT NULL, "positive" boolean NOT NULL, "question_id" integer DEFAULT NULL, "created_at" datetime(6) NOT NULL, "updated_at" datetime(6) NOT NULL)[0m
  [1m[35m (0.1ms)[0m  [1m[32mINSERT INTO "answers" ("id","body","positive","question_id","created_at","updated_at")
                     SELECT "id","body","positive","question_id","created_at","updated_at" FROM "aanswers"[0m
  [1m[35m (0.1ms)[0m  [1m[35mDROP TABLE "aanswers"[0m
  [1m[35m (0.1ms)[0m  [1m[35mPRAGMA defer_foreign_keys = 0[0m
  [1m[35m (0.0ms)[0m  [1m[35mPRAGMA foreign_keys = 1[0m
  [1m[35m (0.1ms)[0m  [1m[35mPRAGMA foreign_keys[0m
  [1m[35m (0.1ms)[0m  [1m[35mPRAGMA defer_foreign_keys[0m
  [1m[35m (0.1ms)[0m  [1m[35mPRAGMA defer_foreign_keys = ON[0m
  [1m[35m (0.0ms)[0m  [1m[35mPRAGMA foreign_keys = OFF[0m
  [1m[35m (0.3ms)[0m  [1m[35mCREATE TEMPORARY TABLE "aanswers" ("id" integer NOT NULL PRIMARY KEY, "body" varchar NOT NULL, "positive" boolean NOT NULL, "question_id" integer DEFAULT NULL, "created_at" datetime(6) NOT NULL, "updated_at" datetime(6) NOT NULL)[0m
  [1m[35m (0.1ms)[0m  [1m[32mINSERT INTO "aanswers" ("id","body","positive","question_id","created_at","updated_at")
                     SELECT "id","body","positive","question_id","created_at","updated_at" FROM "answers"[0m
  [1m[35m (0.1ms)[0m  [1m[35mDROP TABLE "answers"[0m
  [1m[35m (0.2ms)[0m  [1m[35mCREATE TABLE "answers" ("id" integer NOT NULL PRIMARY KEY, "body" varchar NOT NULL, "positive" boolean NOT NULL, "question_id" integer NOT NULL, "created_at" datetime(6) NOT NULL, "updated_at" datetime(6) NOT NULL)[0m
  [1m[35m (0.1ms)[0m  [1m[32mINSERT INTO "answers" ("id","body","positive","question_id","created_at","updated_at")
                     SELECT "id","body","positive","question_id","created_at","updated_at" FROM "aanswers"[0m
  [1m[35m (0.1ms)[0m  [1m[35mDROP TABLE "aanswers"[0m
  [1m[35m (0.1ms)[0m  [1m[35mPRAGMA defer_foreign_keys = 0[0m
  [1m[35m (0.1ms)[0m  [1m[35mPRAGMA foreign_keys = 1[0m
  [1m[36mActiveRecord::SchemaMigration Create (0.4ms)[0m  [1m[32mINSERT INTO "schema_migrations" ("version") VALUES (?)[0m  [["version", "20230606212423"]]
  [1m[36mTRANSACTION (10.2ms)[0m  [1m[36mcommit transaction[0m
  [1m[36mActiveRecord::InternalMetadata Load (0.3ms)[0m  [1m[34mSELECT "ar_internal_metadata".* FROM "ar_internal_metadata" WHERE "ar_internal_metadata"."key" = ? LIMIT ?[0m  [["key", "environment"], ["LIMIT", 1]]
  [1m[36mActiveRecord::SchemaMigration Pluck (0.1ms)[0m  [1m[34mSELECT "schema_migrations"."version" FROM "schema_migrations" ORDER BY "schema_migrations"."version" ASC[0m
  [1m[36mActiveRecord::SchemaMigration Pluck (0.2ms)[0m  [1m[34mSELECT "schema_migrations"."version" FROM "schema_migrations" ORDER BY "schema_migrations"."version" ASC[0m
Migrating to AddNullConstraint2 (20230606213635)
  [1m[36mTRANSACTION (0.1ms)[0m  [1m[36mbegin transaction[0m
  [1m[35m (0.1ms)[0m  [1m[35mPRAGMA foreign_keys[0m
  [1m[35m (0.1ms)[0m  [1m[35mPRAGMA defer_foreign_keys[0m
  [1m[35m (0.1ms)[0m  [1m[35mPRAGMA defer_foreign_keys = ON[0m
  [1m[35m (0.1ms)[0m  [1m[35mPRAGMA foreign_keys = OFF[0m
  [1m[35m (0.3ms)[0m  [1m[35mCREATE TEMPORARY TABLE "acategories" ("id" integer NOT NULL PRIMARY KEY, "title" varchar DEFAULT NULL, "created_at" datetime(6) NOT NULL, "updated_at" datetime(6) NOT NULL)[0m
  [1m[35m (0.1ms)[0m  [1m[32mINSERT INTO "acategories" ("id","title","created_at","updated_at")
                     SELECT "id","title","created_at","updated_at" FROM "categories"[0m
  [1m[35m (0.4ms)[0m  [1m[35mDROP TABLE "categories"[0m
  [1m[35m (0.2ms)[0m  [1m[35mCREATE TABLE "categories" ("id" integer NOT NULL PRIMARY KEY, "title" varchar NOT NULL, "created_at" datetime(6) NOT NULL, "updated_at" datetime(6) NOT NULL)[0m
  [1m[35m (0.2ms)[0m  [1m[32mINSERT INTO "categories" ("id","title","created_at","updated_at")
                     SELECT "id","title","created_at","updated_at" FROM "acategories"[0m
  [1m[35m (0.2ms)[0m  [1m[35mDROP TABLE "acategories"[0m
  [1m[35m (0.1ms)[0m  [1m[35mPRAGMA defer_foreign_keys = 0[0m
  [1m[35m (0.1ms)[0m  [1m[35mPRAGMA foreign_keys = 1[0m
  [1m[35m (0.0ms)[0m  [1m[35mPRAGMA foreign_keys[0m
  [1m[35m (0.1ms)[0m  [1m[35mPRAGMA defer_foreign_keys[0m
  [1m[35m (0.1ms)[0m  [1m[35mPRAGMA defer_foreign_keys = ON[0m
  [1m[35m (0.1ms)[0m  [1m[35mPRAGMA foreign_keys = OFF[0m
  [1m[35m (0.3ms)[0m  [1m[35mCREATE TEMPORARY TABLE "aquestions" ("id" integer NOT NULL PRIMARY KEY, "body" varchar DEFAULT NULL, "test_id" integer DEFAULT NULL, "created_at" datetime(6) NOT NULL, "updated_at" datetime(6) NOT NULL)[0m
  [1m[35m (0.1ms)[0m  [1m[32mINSERT INTO "aquestions" ("id","body","test_id","created_at","updated_at")
                     SELECT "id","body","test_id","created_at","updated_at" FROM "questions"[0m
  [1m[35m (0.2ms)[0m  [1m[35mDROP TABLE "questions"[0m
  [1m[35m (0.5ms)[0m  [1m[35mCREATE TABLE "questions" ("id" integer NOT NULL PRIMARY KEY, "body" varchar NOT NULL, "test_id" integer DEFAULT NULL, "created_at" datetime(6) NOT NULL, "updated_at" datetime(6) NOT NULL)[0m
  [1m[35m (0.1ms)[0m  [1m[32mINSERT INTO "questions" ("id","body","test_id","created_at","updated_at")
                     SELECT "id","body","test_id","created_at","updated_at" FROM "aquestions"[0m
  [1m[35m (0.3ms)[0m  [1m[35mDROP TABLE "aquestions"[0m
  [1m[35m (0.1ms)[0m  [1m[35mPRAGMA defer_foreign_keys = 0[0m
  [1m[35m (0.1ms)[0m  [1m[35mPRAGMA foreign_keys = 1[0m
  [1m[35m (0.0ms)[0m  [1m[35mPRAGMA foreign_keys[0m
  [1m[35m (0.1ms)[0m  [1m[35mPRAGMA defer_foreign_keys[0m
  [1m[35m (0.1ms)[0m  [1m[35mPRAGMA defer_foreign_keys = ON[0m
  [1m[35m (0.1ms)[0m  [1m[35mPRAGMA foreign_keys = OFF[0m
  [1m[35m (0.1ms)[0m  [1m[35mCREATE TEMPORARY TABLE "aquestions" ("id" integer NOT NULL PRIMARY KEY, "body" varchar NOT NULL, "test_id" integer DEFAULT NULL, "created_at" datetime(6) NOT NULL, "updated_at" datetime(6) NOT NULL)[0m
  [1m[35m (0.1ms)[0m  [1m[32mINSERT INTO "aquestions" ("id","body","test_id","created_at","updated_at")
                     SELECT "id","body","test_id","created_at","updated_at" FROM "questions"[0m
  [1m[35m (0.2ms)[0m  [1m[35mDROP TABLE "questions"[0m
  [1m[35m (0.2ms)[0m  [1m[35mCREATE TABLE "questions" ("id" integer NOT NULL PRIMARY KEY, "body" varchar NOT NULL, "test_id" integer NOT NULL, "created_at" datetime(6) NOT NULL, "updated_at" datetime(6) NOT NULL)[0m
  [1m[35m (0.1ms)[0m  [1m[32mINSERT INTO "questions" ("id","body","test_id","created_at","updated_at")
                     SELECT "id","body","test_id","created_at","updated_at" FROM "aquestions"[0m
  [1m[35m (0.1ms)[0m  [1m[35mDROP TABLE "aquestions"[0m
  [1m[35m (0.1ms)[0m  [1m[35mPRAGMA defer_foreign_keys = 0[0m
  [1m[35m (0.1ms)[0m  [1m[35mPRAGMA foreign_keys = 1[0m
  [1m[35m (0.0ms)[0m  [1m[35mPRAGMA foreign_keys[0m
  [1m[35m (0.2ms)[0m  [1m[35mPRAGMA defer_foreign_keys[0m
  [1m[35m (0.1ms)[0m  [1m[35mPRAGMA defer_foreign_keys = ON[0m
  [1m[35m (0.1ms)[0m  [1m[35mPRAGMA foreign_keys = OFF[0m
  [1m[35m (0.2ms)[0m  [1m[35mCREATE TEMPORARY TABLE "aresult_tests" ("id" integer NOT NULL PRIMARY KEY, "user_id" integer DEFAULT NULL, "user_name" varchar DEFAULT NULL, "test_id" integer DEFAULT NULL, "test_title" varchar DEFAULT NULL, "passed" boolean DEFAULT NULL, "created_at" datetime(6) NOT NULL, "updated_at" datetime(6) NOT NULL)[0m
  [1m[35m (0.1ms)[0m  [1m[32mINSERT INTO "aresult_tests" ("id","user_id","user_name","test_id","test_title","passed","created_at","updated_at")
                     SELECT "id","user_id","user_name","test_id","test_title","passed","created_at","updated_at" FROM "result_tests"[0m
  [1m[35m (0.1ms)[0m  [1m[35mDROP TABLE "result_tests"[0m
  [1m[35m (0.2ms)[0m  [1m[35mCREATE TABLE "result_tests" ("id" integer NOT NULL PRIMARY KEY, "user_id" integer NOT NULL, "user_name" varchar DEFAULT NULL, "test_id" integer DEFAULT NULL, "test_title" varchar DEFAULT NULL, "passed" boolean DEFAULT NULL, "created_at" datetime(6) NOT NULL, "updated_at" datetime(6) NOT NULL)[0m
  [1m[35m (0.1ms)[0m  [1m[32mINSERT INTO "result_tests" ("id","user_id","user_name","test_id","test_title","passed","created_at","updated_at")
                     SELECT "id","user_id","user_name","test_id","test_title","passed","created_at","updated_at" FROM "aresult_tests"[0m
  [1m[35m (0.1ms)[0m  [1m[35mDROP TABLE "aresult_tests"[0m
  [1m[35m (0.1ms)[0m  [1m[35mPRAGMA defer_foreign_keys = 0[0m
  [1m[35m (0.1ms)[0m  [1m[35mPRAGMA foreign_keys = 1[0m
  [1m[35m (0.0ms)[0m  [1m[35mPRAGMA foreign_keys[0m
  [1m[35m (0.1ms)[0m  [1m[35mPRAGMA defer_foreign_keys[0m
  [1m[35m (0.1ms)[0m  [1m[35mPRAGMA defer_foreign_keys = ON[0m
  [1m[35m (0.1ms)[0m  [1m[35mPRAGMA foreign_keys = OFF[0m
  [1m[35m (0.2ms)[0m  [1m[35mCREATE TEMPORARY TABLE "aresult_tests" ("id" integer NOT NULL PRIMARY KEY, "user_id" integer NOT NULL, "user_name" varchar DEFAULT NULL, "test_id" integer DEFAULT NULL, "test_title" varchar DEFAULT NULL, "passed" boolean DEFAULT NULL, "created_at" datetime(6) NOT NULL, "updated_at" datetime(6) NOT NULL)[0m
  [1m[35m (0.1ms)[0m  [1m[32mINSERT INTO "aresult_tests" ("id","user_id","user_name","test_id","test_title","passed","created_at","updated_at")
                     SELECT "id","user_id","user_name","test_id","test_title","passed","created_at","updated_at" FROM "result_tests"[0m
  [1m[35m (0.2ms)[0m  [1m[35mDROP TABLE "result_tests"[0m
  [1m[35m (0.2ms)[0m  [1m[35mCREATE TABLE "result_tests" ("id" integer NOT NULL PRIMARY KEY, "user_id" integer NOT NULL, "user_name" varchar NOT NULL, "test_id" integer DEFAULT NULL, "test_title" varchar DEFAULT NULL, "passed" boolean DEFAULT NULL, "created_at" datetime(6) NOT NULL, "updated_at" datetime(6) NOT NULL)[0m
  [1m[35m (0.2ms)[0m  [1m[32mINSERT INTO "result_tests" ("id","user_id","user_name","test_id","test_title","passed","created_at","updated_at")
                     SELECT "id","user_id","user_name","test_id","test_title","passed","created_at","updated_at" FROM "aresult_tests"[0m
  [1m[35m (0.1ms)[0m  [1m[35mDROP TABLE "aresult_tests"[0m
  [1m[35m (0.1ms)[0m  [1m[35mPRAGMA defer_foreign_keys = 0[0m
  [1m[35m (0.0ms)[0m  [1m[35mPRAGMA foreign_keys = 1[0m
  [1m[35m (0.0ms)[0m  [1m[35mPRAGMA foreign_keys[0m
  [1m[35m (0.1ms)[0m  [1m[35mPRAGMA defer_foreign_keys[0m
  [1m[35m (0.1ms)[0m  [1m[35mPRAGMA defer_foreign_keys = ON[0m
  [1m[35m (0.1ms)[0m  [1m[35mPRAGMA foreign_keys = OFF[0m
  [1m[35m (0.2ms)[0m  [1m[35mCREATE TEMPORARY TABLE "aresult_tests" ("id" integer NOT NULL PRIMARY KEY, "user_id" integer NOT NULL, "user_name" varchar NOT NULL, "test_id" integer DEFAULT NULL, "test_title" varchar DEFAULT NULL, "passed" boolean DEFAULT NULL, "created_at" datetime(6) NOT NULL, "updated_at" datetime(6) NOT NULL)[0m
  [1m[35m (0.3ms)[0m  [1m[32mINSERT INTO "aresult_tests" ("id","user_id","user_name","test_id","test_title","passed","created_at","updated_at")
                     SELECT "id","user_id","user_name","test_id","test_title","passed","created_at","updated_at" FROM "result_tests"[0m
  [1m[35m (0.1ms)[0m  [1m[35mDROP TABLE "result_tests"[0m
  [1m[35m (0.2ms)[0m  [1m[35mCREATE TABLE "result_tests" ("id" integer NOT NULL PRIMARY KEY, "user_id" integer NOT NULL, "user_name" varchar NOT NULL, "test_id" integer NOT NULL, "test_title" varchar DEFAULT NULL, "passed" boolean DEFAULT NULL, "created_at" datetime(6) NOT NULL, "updated_at" datetime(6) NOT NULL)[0m
  [1m[35m (0.1ms)[0m  [1m[32mINSERT INTO "result_tests" ("id","user_id","user_name","test_id","test_title","passed","created_at","updated_at")
                     SELECT "id","user_id","user_name","test_id","test_title","passed","created_at","updated_at" FROM "aresult_tests"[0m
  [1m[35m (0.1ms)[0m  [1m[35mDROP TABLE "aresult_tests"[0m
  [1m[35m (0.1ms)[0m  [1m[35mPRAGMA defer_foreign_keys = 0[0m
  [1m[35m (0.1ms)[0m  [1m[35mPRAGMA foreign_keys = 1[0m
  [1m[35m (0.0ms)[0m  [1m[35mPRAGMA foreign_keys[0m
  [1m[35m (0.1ms)[0m  [1m[35mPRAGMA defer_foreign_keys[0m
  [1m[35m (0.1ms)[0m  [1m[35mPRAGMA defer_foreign_keys = ON[0m
  [1m[35m (0.1ms)[0m  [1m[35mPRAGMA foreign_keys = OFF[0m
  [1m[35m (0.2ms)[0m  [1m[35mCREATE TEMPORARY TABLE "aresult_tests" ("id" integer NOT NULL PRIMARY KEY, "user_id" integer NOT NULL, "user_name" varchar NOT NULL, "test_id" integer NOT NULL, "test_title" varchar DEFAULT NULL, "passed" boolean DEFAULT NULL, "created_at" datetime(6) NOT NULL, "updated_at" datetime(6) NOT NULL)[0m
  [1m[35m (0.1ms)[0m  [1m[32mINSERT INTO "aresult_tests" ("id","user_id","user_name","test_id","test_title","passed","created_at","updated_at")
                     SELECT "id","user_id","user_name","test_id","test_title","passed","created_at","updated_at" FROM "result_tests"[0m
  [1m[35m (0.1ms)[0m  [1m[35mDROP TABLE "result_tests"[0m
  [1m[35m (0.3ms)[0m  [1m[35mCREATE TABLE "result_tests" ("id" integer NOT NULL PRIMARY KEY, "user_id" integer NOT NULL, "user_name" varchar NOT NULL, "test_id" integer NOT NULL, "test_title" varchar NOT NULL, "passed" boolean DEFAULT NULL, "created_at" datetime(6) NOT NULL, "updated_at" datetime(6) NOT NULL)[0m
  [1m[35m (0.1ms)[0m  [1m[32mINSERT INTO "result_tests" ("id","user_id","user_name","test_id","test_title","passed","created_at","updated_at")
                     SELECT "id","user_id","user_name","test_id","test_title","passed","created_at","updated_at" FROM "aresult_tests"[0m
  [1m[35m (0.1ms)[0m  [1m[35mDROP TABLE "aresult_tests"[0m
  [1m[35m (0.4ms)[0m  [1m[35mPRAGMA defer_foreign_keys = 0[0m
  [1m[35m (0.1ms)[0m  [1m[35mPRAGMA foreign_keys = 1[0m
  [1m[35m (0.0ms)[0m  [1m[35mPRAGMA foreign_keys[0m
  [1m[35m (0.1ms)[0m  [1m[35mPRAGMA defer_foreign_keys[0m
  [1m[35m (0.1ms)[0m  [1m[35mPRAGMA defer_foreign_keys = ON[0m
  [1m[35m (0.1ms)[0m  [1m[35mPRAGMA foreign_keys = OFF[0m
  [1m[35m (0.1ms)[0m  [1m[35mPRAGMA defer_foreign_keys = 0[0m
  [1m[35m (0.1ms)[0m  [1m[35mPRAGMA foreign_keys = 1[0m
  [1m[36mTRANSACTION (0.3ms)[0m  [1m[31mrollback transaction[0m
  [1m[36mActiveRecord::SchemaMigration Pluck (0.2ms)[0m  [1m[34mSELECT "schema_migrations"."version" FROM "schema_migrations" ORDER BY "schema_migrations"."version" ASC[0m
Migrating to AddNullConstraint2 (20230606213635)
  [1m[36mTRANSACTION (0.1ms)[0m  [1m[36mbegin transaction[0m
  [1m[35m (0.0ms)[0m  [1m[35mPRAGMA foreign_keys[0m
  [1m[35m (0.1ms)[0m  [1m[35mPRAGMA defer_foreign_keys[0m
  [1m[35m (0.1ms)[0m  [1m[35mPRAGMA defer_foreign_keys = ON[0m
  [1m[35m (0.1ms)[0m  [1m[35mPRAGMA foreign_keys = OFF[0m
  [1m[35m (0.2ms)[0m  [1m[35mCREATE TEMPORARY TABLE "acategories" ("id" integer NOT NULL PRIMARY KEY, "title" varchar DEFAULT NULL, "created_at" datetime(6) NOT NULL, "updated_at" datetime(6) NOT NULL)[0m
  [1m[35m (0.1ms)[0m  [1m[32mINSERT INTO "acategories" ("id","title","created_at","updated_at")
                     SELECT "id","title","created_at","updated_at" FROM "categories"[0m
  [1m[35m (0.3ms)[0m  [1m[35mDROP TABLE "categories"[0m
  [1m[35m (3.5ms)[0m  [1m[35mCREATE TABLE "categories" ("id" integer NOT NULL PRIMARY KEY, "title" varchar NOT NULL, "created_at" datetime(6) NOT NULL, "updated_at" datetime(6) NOT NULL)[0m
  [1m[35m (0.1ms)[0m  [1m[32mINSERT INTO "categories" ("id","title","created_at","updated_at")
                     SELECT "id","title","created_at","updated_at" FROM "acategories"[0m
  [1m[35m (0.2ms)[0m  [1m[35mDROP TABLE "acategories"[0m
  [1m[35m (0.1ms)[0m  [1m[35mPRAGMA defer_foreign_keys = 0[0m
  [1m[35m (0.1ms)[0m  [1m[35mPRAGMA foreign_keys = 1[0m
  [1m[35m (0.0ms)[0m  [1m[35mPRAGMA foreign_keys[0m
  [1m[35m (0.1ms)[0m  [1m[35mPRAGMA defer_foreign_keys[0m
  [1m[35m (0.1ms)[0m  [1m[35mPRAGMA defer_foreign_keys = ON[0m
  [1m[35m (0.1ms)[0m  [1m[35mPRAGMA foreign_keys = OFF[0m
  [1m[35m (0.2ms)[0m  [1m[35mCREATE TEMPORARY TABLE "aquestions" ("id" integer NOT NULL PRIMARY KEY, "body" varchar DEFAULT NULL, "test_id" integer DEFAULT NULL, "created_at" datetime(6) NOT NULL, "updated_at" datetime(6) NOT NULL)[0m
  [1m[35m (0.1ms)[0m  [1m[32mINSERT INTO "aquestions" ("id","body","test_id","created_at","updated_at")
                     SELECT "id","body","test_id","created_at","updated_at" FROM "questions"[0m
  [1m[35m (0.2ms)[0m  [1m[35mDROP TABLE "questions"[0m
  [1m[35m (0.1ms)[0m  [1m[35mCREATE TABLE "questions" ("id" integer NOT NULL PRIMARY KEY, "body" varchar NOT NULL, "test_id" integer DEFAULT NULL, "created_at" datetime(6) NOT NULL, "updated_at" datetime(6) NOT NULL)[0m
  [1m[35m (0.1ms)[0m  [1m[32mINSERT INTO "questions" ("id","body","test_id","created_at","updated_at")
                     SELECT "id","body","test_id","created_at","updated_at" FROM "aquestions"[0m
  [1m[35m (0.1ms)[0m  [1m[35mDROP TABLE "aquestions"[0m
  [1m[35m (0.1ms)[0m  [1m[35mPRAGMA defer_foreign_keys = 0[0m
  [1m[35m (0.1ms)[0m  [1m[35mPRAGMA foreign_keys = 1[0m
  [1m[35m (0.0ms)[0m  [1m[35mPRAGMA foreign_keys[0m
  [1m[35m (0.2ms)[0m  [1m[35mPRAGMA defer_foreign_keys[0m
  [1m[35m (0.1ms)[0m  [1m[35mPRAGMA defer_foreign_keys = ON[0m
  [1m[35m (0.1ms)[0m  [1m[35mPRAGMA foreign_keys = OFF[0m
  [1m[35m (0.1ms)[0m  [1m[35mCREATE TEMPORARY TABLE "aquestions" ("id" integer NOT NULL PRIMARY KEY, "body" varchar NOT NULL, "test_id" integer DEFAULT NULL, "created_at" datetime(6) NOT NULL, "updated_at" datetime(6) NOT NULL)[0m
  [1m[35m (0.1ms)[0m  [1m[32mINSERT INTO "aquestions" ("id","body","test_id","created_at","updated_at")
                     SELECT "id","body","test_id","created_at","updated_at" FROM "questions"[0m
  [1m[35m (0.1ms)[0m  [1m[35mDROP TABLE "questions"[0m
  [1m[35m (0.2ms)[0m  [1m[35mCREATE TABLE "questions" ("id" integer NOT NULL PRIMARY KEY, "body" varchar NOT NULL, "test_id" integer NOT NULL, "created_at" datetime(6) NOT NULL, "updated_at" datetime(6) NOT NULL)[0m
  [1m[35m (0.1ms)[0m  [1m[32mINSERT INTO "questions" ("id","body","test_id","created_at","updated_at")
                     SELECT "id","body","test_id","created_at","updated_at" FROM "aquestions"[0m
  [1m[35m (0.1ms)[0m  [1m[35mDROP TABLE "aquestions"[0m
  [1m[35m (0.1ms)[0m  [1m[35mPRAGMA defer_foreign_keys = 0[0m
  [1m[35m (0.1ms)[0m  [1m[35mPRAGMA foreign_keys = 1[0m
  [1m[35m (0.1ms)[0m  [1m[35mPRAGMA foreign_keys[0m
  [1m[35m (0.1ms)[0m  [1m[35mPRAGMA defer_foreign_keys[0m
  [1m[35m (0.0ms)[0m  [1m[35mPRAGMA defer_foreign_keys = ON[0m
  [1m[35m (0.0ms)[0m  [1m[35mPRAGMA foreign_keys = OFF[0m
  [1m[35m (0.2ms)[0m  [1m[35mCREATE TEMPORARY TABLE "aresult_tests" ("id" integer NOT NULL PRIMARY KEY, "user_id" integer DEFAULT NULL, "user_name" varchar DEFAULT NULL, "test_id" integer DEFAULT NULL, "test_title" varchar DEFAULT NULL, "passed" boolean DEFAULT NULL, "created_at" datetime(6) NOT NULL, "updated_at" datetime(6) NOT NULL)[0m
  [1m[35m (0.1ms)[0m  [1m[32mINSERT INTO "aresult_tests" ("id","user_id","user_name","test_id","test_title","passed","created_at","updated_at")
                     SELECT "id","user_id","user_name","test_id","test_title","passed","created_at","updated_at" FROM "result_tests"[0m
  [1m[35m (0.4ms)[0m  [1m[35mDROP TABLE "result_tests"[0m
  [1m[35m (0.1ms)[0m  [1m[35mCREATE TABLE "result_tests" ("id" integer NOT NULL PRIMARY KEY, "user_id" integer NOT NULL, "user_name" varchar DEFAULT NULL, "test_id" integer DEFAULT NULL, "test_title" varchar DEFAULT NULL, "passed" boolean DEFAULT NULL, "created_at" datetime(6) NOT NULL, "updated_at" datetime(6) NOT NULL)[0m
  [1m[35m (0.1ms)[0m  [1m[32mINSERT INTO "result_tests" ("id","user_id","user_name","test_id","test_title","passed","created_at","updated_at")
                     SELECT "id","user_id","user_name","test_id","test_title","passed","created_at","updated_at" FROM "aresult_tests"[0m
  [1m[35m (0.2ms)[0m  [1m[35mDROP TABLE "aresult_tests"[0m
  [1m[35m (0.0ms)[0m  [1m[35mPRAGMA defer_foreign_keys = 0[0m
  [1m[35m (0.1ms)[0m  [1m[35mPRAGMA foreign_keys = 1[0m
  [1m[35m (0.0ms)[0m  [1m[35mPRAGMA foreign_keys[0m
  [1m[35m (0.1ms)[0m  [1m[35mPRAGMA defer_foreign_keys[0m
  [1m[35m (0.1ms)[0m  [1m[35mPRAGMA defer_foreign_keys = ON[0m
  [1m[35m (0.1ms)[0m  [1m[35mPRAGMA foreign_keys = OFF[0m
  [1m[35m (0.2ms)[0m  [1m[35mCREATE TEMPORARY TABLE "aresult_tests" ("id" integer NOT NULL PRIMARY KEY, "user_id" integer NOT NULL, "user_name" varchar DEFAULT NULL, "test_id" integer DEFAULT NULL, "test_title" varchar DEFAULT NULL, "passed" boolean DEFAULT NULL, "created_at" datetime(6) NOT NULL, "updated_at" datetime(6) NOT NULL)[0m
  [1m[35m (0.2ms)[0m  [1m[32mINSERT INTO "aresult_tests" ("id","user_id","user_name","test_id","test_title","passed","created_at","updated_at")
                     SELECT "id","user_id","user_name","test_id","test_title","passed","created_at","updated_at" FROM "result_tests"[0m
  [1m[35m (0.1ms)[0m  [1m[35mDROP TABLE "result_tests"[0m
  [1m[35m (0.3ms)[0m  [1m[35mCREATE TABLE "result_tests" ("id" integer NOT NULL PRIMARY KEY, "user_id" integer NOT NULL, "user_name" varchar NOT NULL, "test_id" integer DEFAULT NULL, "test_title" varchar DEFAULT NULL, "passed" boolean DEFAULT NULL, "created_at" datetime(6) NOT NULL, "updated_at" datetime(6) NOT NULL)[0m
  [1m[35m (0.1ms)[0m  [1m[32mINSERT INTO "result_tests" ("id","user_id","user_name","test_id","test_title","passed","created_at","updated_at")
                     SELECT "id","user_id","user_name","test_id","test_title","passed","created_at","updated_at" FROM "aresult_tests"[0m
  [1m[35m (0.1ms)[0m  [1m[35mDROP TABLE "aresult_tests"[0m
  [1m[35m (0.0ms)[0m  [1m[35mPRAGMA defer_foreign_keys = 0[0m
  [1m[35m (0.1ms)[0m  [1m[35mPRAGMA foreign_keys = 1[0m
  [1m[35m (0.0ms)[0m  [1m[35mPRAGMA foreign_keys[0m
  [1m[35m (0.1ms)[0m  [1m[35mPRAGMA defer_foreign_keys[0m
  [1m[35m (0.1ms)[0m  [1m[35mPRAGMA defer_foreign_keys = ON[0m
  [1m[35m (0.0ms)[0m  [1m[35mPRAGMA foreign_keys = OFF[0m
  [1m[35m (0.2ms)[0m  [1m[35mCREATE TEMPORARY TABLE "aresult_tests" ("id" integer NOT NULL PRIMARY KEY, "user_id" integer NOT NULL, "user_name" varchar NOT NULL, "test_id" integer DEFAULT NULL, "test_title" varchar DEFAULT NULL, "passed" boolean DEFAULT NULL, "created_at" datetime(6) NOT NULL, "updated_at" datetime(6) NOT NULL)[0m
  [1m[35m (0.1ms)[0m  [1m[32mINSERT INTO "aresult_tests" ("id","user_id","user_name","test_id","test_title","passed","created_at","updated_at")
                     SELECT "id","user_id","user_name","test_id","test_title","passed","created_at","updated_at" FROM "result_tests"[0m
  [1m[35m (0.2ms)[0m  [1m[35mDROP TABLE "result_tests"[0m
  [1m[35m (0.2ms)[0m  [1m[35mCREATE TABLE "result_tests" ("id" integer NOT NULL PRIMARY KEY, "user_id" integer NOT NULL, "user_name" varchar NOT NULL, "test_id" integer NOT NULL, "test_title" varchar DEFAULT NULL, "passed" boolean DEFAULT NULL, "created_at" datetime(6) NOT NULL, "updated_at" datetime(6) NOT NULL)[0m
  [1m[35m (0.1ms)[0m  [1m[32mINSERT INTO "result_tests" ("id","user_id","user_name","test_id","test_title","passed","created_at","updated_at")
                     SELECT "id","user_id","user_name","test_id","test_title","passed","created_at","updated_at" FROM "aresult_tests"[0m
  [1m[35m (0.3ms)[0m  [1m[35mDROP TABLE "aresult_tests"[0m
  [1m[35m (0.1ms)[0m  [1m[35mPRAGMA defer_foreign_keys = 0[0m
  [1m[35m (0.1ms)[0m  [1m[35mPRAGMA foreign_keys = 1[0m
  [1m[35m (0.0ms)[0m  [1m[35mPRAGMA foreign_keys[0m
  [1m[35m (0.1ms)[0m  [1m[35mPRAGMA defer_foreign_keys[0m
  [1m[35m (0.2ms)[0m  [1m[35mPRAGMA defer_foreign_keys = ON[0m
  [1m[35m (0.1ms)[0m  [1m[35mPRAGMA foreign_keys = OFF[0m
  [1m[35m (0.3ms)[0m  [1m[35mCREATE TEMPORARY TABLE "aresult_tests" ("id" integer NOT NULL PRIMARY KEY, "user_id" integer NOT NULL, "user_name" varchar NOT NULL, "test_id" integer NOT NULL, "test_title" varchar DEFAULT NULL, "passed" boolean DEFAULT NULL, "created_at" datetime(6) NOT NULL, "updated_at" datetime(6) NOT NULL)[0m
  [1m[35m (0.1ms)[0m  [1m[32mINSERT INTO "aresult_tests" ("id","user_id","user_name","test_id","test_title","passed","created_at","updated_at")
                     SELECT "id","user_id","user_name","test_id","test_title","passed","created_at","updated_at" FROM "result_tests"[0m
  [1m[35m (0.1ms)[0m  [1m[35mDROP TABLE "result_tests"[0m
  [1m[35m (0.1ms)[0m  [1m[35mCREATE TABLE "result_tests" ("id" integer NOT NULL PRIMARY KEY, "user_id" integer NOT NULL, "user_name" varchar NOT NULL, "test_id" integer NOT NULL, "test_title" varchar NOT NULL, "passed" boolean DEFAULT NULL, "created_at" datetime(6) NOT NULL, "updated_at" datetime(6) NOT NULL)[0m
  [1m[35m (0.1ms)[0m  [1m[32mINSERT INTO "result_tests" ("id","user_id","user_name","test_id","test_title","passed","created_at","updated_at")
                     SELECT "id","user_id","user_name","test_id","test_title","passed","created_at","updated_at" FROM "aresult_tests"[0m
  [1m[35m (0.1ms)[0m  [1m[35mDROP TABLE "aresult_tests"[0m
  [1m[35m (0.1ms)[0m  [1m[35mPRAGMA defer_foreign_keys = 0[0m
  [1m[35m (0.1ms)[0m  [1m[35mPRAGMA foreign_keys = 1[0m
  [1m[35m (0.1ms)[0m  [1m[35mPRAGMA foreign_keys[0m
  [1m[35m (0.1ms)[0m  [1m[35mPRAGMA defer_foreign_keys[0m
  [1m[35m (0.1ms)[0m  [1m[35mPRAGMA defer_foreign_keys = ON[0m
  [1m[35m (0.0ms)[0m  [1m[35mPRAGMA foreign_keys = OFF[0m
  [1m[35m (0.2ms)[0m  [1m[35mCREATE TEMPORARY TABLE "aresults" ("id" integer NOT NULL PRIMARY KEY, "user_id" integer DEFAULT NULL, "user_name" varchar DEFAULT NULL, "test_id" integer DEFAULT NULL, "test_title" varchar DEFAULT NULL, "question_id" integer DEFAULT NULL, "question_body" varchar DEFAULT NULL, "answer_body" varchar DEFAULT NULL, "answer_positive" boolean DEFAULT NULL, "created_at" datetime(6) NOT NULL, "updated_at" datetime(6) NOT NULL)[0m
  [1m[35m (0.1ms)[0m  [1m[32mINSERT INTO "aresults" ("id","user_id","user_name","test_id","test_title","question_id","question_body","answer_body","answer_positive","created_at","updated_at")
                     SELECT "id","user_id","user_name","test_id","test_title","question_id","question_body","answer_body","answer_positive","created_at","updated_at" FROM "results"[0m
  [1m[35m (0.1ms)[0m  [1m[35mDROP TABLE "results"[0m
  [1m[35m (0.3ms)[0m  [1m[35mCREATE TABLE "results" ("id" integer NOT NULL PRIMARY KEY, "user_id" integer NOT NULL, "user_name" varchar DEFAULT NULL, "test_id" integer DEFAULT NULL, "test_title" varchar DEFAULT NULL, "question_id" integer DEFAULT NULL, "question_body" varchar DEFAULT NULL, "answer_body" varchar DEFAULT NULL, "answer_positive" boolean DEFAULT NULL, "created_at" datetime(6) NOT NULL, "updated_at" datetime(6) NOT NULL)[0m
  [1m[35m (0.1ms)[0m  [1m[32mINSERT INTO "results" ("id","user_id","user_name","test_id","test_title","question_id","question_body","answer_body","answer_positive","created_at","updated_at")
                     SELECT "id","user_id","user_name","test_id","test_title","question_id","question_body","answer_body","answer_positive","created_at","updated_at" FROM "aresults"[0m
  [1m[35m (0.1ms)[0m  [1m[35mDROP TABLE "aresults"[0m
  [1m[35m (0.1ms)[0m  [1m[35mPRAGMA defer_foreign_keys = 0[0m
  [1m[35m (0.1ms)[0m  [1m[35mPRAGMA foreign_keys = 1[0m
  [1m[35m (0.0ms)[0m  [1m[35mPRAGMA foreign_keys[0m
  [1m[35m (0.1ms)[0m  [1m[35mPRAGMA defer_foreign_keys[0m
  [1m[35m (0.1ms)[0m  [1m[35mPRAGMA defer_foreign_keys = ON[0m
  [1m[35m (0.1ms)[0m  [1m[35mPRAGMA foreign_keys = OFF[0m
  [1m[35m (0.2ms)[0m  [1m[35mCREATE TEMPORARY TABLE "aresults" ("id" integer NOT NULL PRIMARY KEY, "user_id" integer NOT NULL, "user_name" varchar DEFAULT NULL, "test_id" integer DEFAULT NULL, "test_title" varchar DEFAULT NULL, "question_id" integer DEFAULT NULL, "question_body" varchar DEFAULT NULL, "answer_body" varchar DEFAULT NULL, "answer_positive" boolean DEFAULT NULL, "created_at" datetime(6) NOT NULL, "updated_at" datetime(6) NOT NULL)[0m
  [1m[35m (0.2ms)[0m  [1m[32mINSERT INTO "aresults" ("id","user_id","user_name","test_id","test_title","question_id","question_body","answer_body","answer_positive","created_at","updated_at")
                     SELECT "id","user_id","user_name","test_id","test_title","question_id","question_body","answer_body","answer_positive","created_at","updated_at" FROM "results"[0m
  [1m[35m (0.2ms)[0m  [1m[35mDROP TABLE "results"[0m
  [1m[35m (0.2ms)[0m  [1m[35mCREATE TABLE "results" ("id" integer NOT NULL PRIMARY KEY, "user_id" integer NOT NULL, "user_name" varchar NOT NULL, "test_id" integer DEFAULT NULL, "test_title" varchar DEFAULT NULL, "question_id" integer DEFAULT NULL, "question_body" varchar DEFAULT NULL, "answer_body" varchar DEFAULT NULL, "answer_positive" boolean DEFAULT NULL, "created_at" datetime(6) NOT NULL, "updated_at" datetime(6) NOT NULL)[0m
  [1m[35m (0.1ms)[0m  [1m[32mINSERT INTO "results" ("id","user_id","user_name","test_id","test_title","question_id","question_body","answer_body","answer_positive","created_at","updated_at")
                     SELECT "id","user_id","user_name","test_id","test_title","question_id","question_body","answer_body","answer_positive","created_at","updated_at" FROM "aresults"[0m
  [1m[35m (0.1ms)[0m  [1m[35mDROP TABLE "aresults"[0m
  [1m[35m (0.1ms)[0m  [1m[35mPRAGMA defer_foreign_keys = 0[0m
  [1m[35m (0.0ms)[0m  [1m[35mPRAGMA foreign_keys = 1[0m
  [1m[35m (0.0ms)[0m  [1m[35mPRAGMA foreign_keys[0m
  [1m[35m (0.2ms)[0m  [1m[35mPRAGMA defer_foreign_keys[0m
  [1m[35m (0.4ms)[0m  [1m[35mPRAGMA defer_foreign_keys = ON[0m
  [1m[35m (0.1ms)[0m  [1m[35mPRAGMA foreign_keys = OFF[0m
  [1m[35m (0.2ms)[0m  [1m[35mCREATE TEMPORARY TABLE "aresults" ("id" integer NOT NULL PRIMARY KEY, "user_id" integer NOT NULL, "user_name" varchar NOT NULL, "test_id" integer DEFAULT NULL, "test_title" varchar DEFAULT NULL, "question_id" integer DEFAULT NULL, "question_body" varchar DEFAULT NULL, "answer_body" varchar DEFAULT NULL, "answer_positive" boolean DEFAULT NULL, "created_at" datetime(6) NOT NULL, "updated_at" datetime(6) NOT NULL)[0m
  [1m[35m (0.1ms)[0m  [1m[32mINSERT INTO "aresults" ("id","user_id","user_name","test_id","test_title","question_id","question_body","answer_body","answer_positive","created_at","updated_at")
                     SELECT "id","user_id","user_name","test_id","test_title","question_id","question_body","answer_body","answer_positive","created_at","updated_at" FROM "results"[0m
  [1m[35m (0.2ms)[0m  [1m[35mDROP TABLE "results"[0m
  [1m[35m (0.3ms)[0m  [1m[35mCREATE TABLE "results" ("id" integer NOT NULL PRIMARY KEY, "user_id" integer NOT NULL, "user_name" varchar NOT NULL, "test_id" integer NOT NULL, "test_title" varchar DEFAULT NULL, "question_id" integer DEFAULT NULL, "question_body" varchar DEFAULT NULL, "answer_body" varchar DEFAULT NULL, "answer_positive" boolean DEFAULT NULL, "created_at" datetime(6) NOT NULL, "updated_at" datetime(6) NOT NULL)[0m
  [1m[35m (0.1ms)[0m  [1m[32mINSERT INTO "results" ("id","user_id","user_name","test_id","test_title","question_id","question_body","answer_body","answer_positive","created_at","updated_at")
                     SELECT "id","user_id","user_name","test_id","test_title","question_id","question_body","answer_body","answer_positive","created_at","updated_at" FROM "aresults"[0m
  [1m[35m (0.1ms)[0m  [1m[35mDROP TABLE "aresults"[0m
  [1m[35m (0.0ms)[0m  [1m[35mPRAGMA defer_foreign_keys = 0[0m
  [1m[35m (0.0ms)[0m  [1m[35mPRAGMA foreign_keys = 1[0m
  [1m[35m (0.0ms)[0m  [1m[35mPRAGMA foreign_keys[0m
  [1m[35m (0.1ms)[0m  [1m[35mPRAGMA defer_foreign_keys[0m
  [1m[35m (0.1ms)[0m  [1m[35mPRAGMA defer_foreign_keys = ON[0m
  [1m[35m (0.1ms)[0m  [1m[35mPRAGMA foreign_keys = OFF[0m
  [1m[35m (0.2ms)[0m  [1m[35mCREATE TEMPORARY TABLE "aresults" ("id" integer NOT NULL PRIMARY KEY, "user_id" integer NOT NULL, "user_name" varchar NOT NULL, "test_id" integer NOT NULL, "test_title" varchar DEFAULT NULL, "question_id" integer DEFAULT NULL, "question_body" varchar DEFAULT NULL, "answer_body" varchar DEFAULT NULL, "answer_positive" boolean DEFAULT NULL, "created_at" datetime(6) NOT NULL, "updated_at" datetime(6) NOT NULL)[0m
  [1m[35m (0.5ms)[0m  [1m[32mINSERT INTO "aresults" ("id","user_id","user_name","test_id","test_title","question_id","question_body","answer_body","answer_positive","created_at","updated_at")
                     SELECT "id","user_id","user_name","test_id","test_title","question_id","question_body","answer_body","answer_positive","created_at","updated_at" FROM "results"[0m
  [1m[35m (0.1ms)[0m  [1m[35mDROP TABLE "results"[0m
  [1m[35m (0.2ms)[0m  [1m[35mCREATE TABLE "results" ("id" integer NOT NULL PRIMARY KEY, "user_id" integer NOT NULL, "user_name" varchar NOT NULL, "test_id" integer NOT NULL, "test_title" varchar NOT NULL, "question_id" integer DEFAULT NULL, "question_body" varchar DEFAULT NULL, "answer_body" varchar DEFAULT NULL, "answer_positive" boolean DEFAULT NULL, "created_at" datetime(6) NOT NULL, "updated_at" datetime(6) NOT NULL)[0m
  [1m[35m (0.6ms)[0m  [1m[32mINSERT INTO "results" ("id","user_id","user_name","test_id","test_title","question_id","question_body","answer_body","answer_positive","created_at","updated_at")
                     SELECT "id","user_id","user_name","test_id","test_title","question_id","question_body","answer_body","answer_positive","created_at","updated_at" FROM "aresults"[0m
  [1m[35m (0.2ms)[0m  [1m[35mDROP TABLE "aresults"[0m
  [1m[35m (0.2ms)[0m  [1m[35mPRAGMA defer_foreign_keys = 0[0m
  [1m[35m (0.1ms)[0m  [1m[35mPRAGMA foreign_keys = 1[0m
  [1m[35m (0.0ms)[0m  [1m[35mPRAGMA foreign_keys[0m
  [1m[35m (0.1ms)[0m  [1m[35mPRAGMA defer_foreign_keys[0m
  [1m[35m (0.1ms)[0m  [1m[35mPRAGMA defer_foreign_keys = ON[0m
  [1m[35m (0.1ms)[0m  [1m[35mPRAGMA foreign_keys = OFF[0m
  [1m[35m (0.2ms)[0m  [1m[35mCREATE TEMPORARY TABLE "aresults" ("id" integer NOT NULL PRIMARY KEY, "user_id" integer NOT NULL, "user_name" varchar NOT NULL, "test_id" integer NOT NULL, "test_title" varchar NOT NULL, "question_id" integer DEFAULT NULL, "question_body" varchar DEFAULT NULL, "answer_body" varchar DEFAULT NULL, "answer_positive" boolean DEFAULT NULL, "created_at" datetime(6) NOT NULL, "updated_at" datetime(6) NOT NULL)[0m
  [1m[35m (0.2ms)[0m  [1m[32mINSERT INTO "aresults" ("id","user_id","user_name","test_id","test_title","question_id","question_body","answer_body","answer_positive","created_at","updated_at")
                     SELECT "id","user_id","user_name","test_id","test_title","question_id","question_body","answer_body","answer_positive","created_at","updated_at" FROM "results"[0m
  [1m[35m (0.2ms)[0m  [1m[35mDROP TABLE "results"[0m
  [1m[35m (0.2ms)[0m  [1m[35mCREATE TABLE "results" ("id" integer NOT NULL PRIMARY KEY, "user_id" integer NOT NULL, "user_name" varchar NOT NULL, "test_id" integer NOT NULL, "test_title" varchar NOT NULL, "question_id" integer NOT NULL, "question_body" varchar DEFAULT NULL, "answer_body" varchar DEFAULT NULL, "answer_positive" boolean DEFAULT NULL, "created_at" datetime(6) NOT NULL, "updated_at" datetime(6) NOT NULL)[0m
  [1m[35m (0.1ms)[0m  [1m[32mINSERT INTO "results" ("id","user_id","user_name","test_id","test_title","question_id","question_body","answer_body","answer_positive","created_at","updated_at")
                     SELECT "id","user_id","user_name","test_id","test_title","question_id","question_body","answer_body","answer_positive","created_at","updated_at" FROM "aresults"[0m
  [1m[35m (0.1ms)[0m  [1m[35mDROP TABLE "aresults"[0m
  [1m[35m (0.1ms)[0m  [1m[35mPRAGMA defer_foreign_keys = 0[0m
  [1m[35m (0.1ms)[0m  [1m[35mPRAGMA foreign_keys = 1[0m
  [1m[35m (0.1ms)[0m  [1m[35mPRAGMA foreign_keys[0m
  [1m[35m (0.1ms)[0m  [1m[35mPRAGMA defer_foreign_keys[0m
  [1m[35m (0.1ms)[0m  [1m[35mPRAGMA defer_foreign_keys = ON[0m
  [1m[35m (0.1ms)[0m  [1m[35mPRAGMA foreign_keys = OFF[0m
  [1m[35m (0.2ms)[0m  [1m[35mCREATE TEMPORARY TABLE "aresults" ("id" integer NOT NULL PRIMARY KEY, "user_id" integer NOT NULL, "user_name" varchar NOT NULL, "test_id" integer NOT NULL, "test_title" varchar NOT NULL, "question_id" integer NOT NULL, "question_body" varchar DEFAULT NULL, "answer_body" varchar DEFAULT NULL, "answer_positive" boolean DEFAULT NULL, "created_at" datetime(6) NOT NULL, "updated_at" datetime(6) NOT NULL)[0m
  [1m[35m (0.1ms)[0m  [1m[32mINSERT INTO "aresults" ("id","user_id","user_name","test_id","test_title","question_id","question_body","answer_body","answer_positive","created_at","updated_at")
                     SELECT "id","user_id","user_name","test_id","test_title","question_id","question_body","answer_body","answer_positive","created_at","updated_at" FROM "results"[0m
  [1m[35m (0.1ms)[0m  [1m[35mDROP TABLE "results"[0m
  [1m[35m (0.1ms)[0m  [1m[35mCREATE TABLE "results" ("id" integer NOT NULL PRIMARY KEY, "user_id" integer NOT NULL, "user_name" varchar NOT NULL, "test_id" integer NOT NULL, "test_title" varchar NOT NULL, "question_id" integer NOT NULL, "question_body" varchar NOT NULL, "answer_body" varchar DEFAULT NULL, "answer_positive" boolean DEFAULT NULL, "created_at" datetime(6) NOT NULL, "updated_at" datetime(6) NOT NULL)[0m
  [1m[35m (0.2ms)[0m  [1m[32mINSERT INTO "results" ("id","user_id","user_name","test_id","test_title","question_id","question_body","answer_body","answer_positive","created_at","updated_at")
                     SELECT "id","user_id","user_name","test_id","test_title","question_id","question_body","answer_body","answer_positive","created_at","updated_at" FROM "aresults"[0m
  [1m[35m (0.2ms)[0m  [1m[35mDROP TABLE "aresults"[0m
  [1m[35m (0.1ms)[0m  [1m[35mPRAGMA defer_foreign_keys = 0[0m
  [1m[35m (0.1ms)[0m  [1m[35mPRAGMA foreign_keys = 1[0m
  [1m[35m (0.0ms)[0m  [1m[35mPRAGMA foreign_keys[0m
  [1m[35m (0.1ms)[0m  [1m[35mPRAGMA defer_foreign_keys[0m
  [1m[35m (0.1ms)[0m  [1m[35mPRAGMA defer_foreign_keys = ON[0m
  [1m[35m (0.1ms)[0m  [1m[35mPRAGMA foreign_keys = OFF[0m
  [1m[35m (0.6ms)[0m  [1m[35mCREATE TEMPORARY TABLE "aresults" ("id" integer NOT NULL PRIMARY KEY, "user_id" integer NOT NULL, "user_name" varchar NOT NULL, "test_id" integer NOT NULL, "test_title" varchar NOT NULL, "question_id" integer NOT NULL, "question_body" varchar NOT NULL, "answer_body" varchar DEFAULT NULL, "answer_positive" boolean DEFAULT NULL, "created_at" datetime(6) NOT NULL, "updated_at" datetime(6) NOT NULL)[0m
  [1m[35m (0.1ms)[0m  [1m[32mINSERT INTO "aresults" ("id","user_id","user_name","test_id","test_title","question_id","question_body","answer_body","answer_positive","created_at","updated_at")
                     SELECT "id","user_id","user_name","test_id","test_title","question_id","question_body","answer_body","answer_positive","created_at","updated_at" FROM "results"[0m
  [1m[35m (0.2ms)[0m  [1m[35mDROP TABLE "results"[0m
  [1m[35m (0.2ms)[0m  [1m[35mCREATE TABLE "results" ("id" integer NOT NULL PRIMARY KEY, "user_id" integer NOT NULL, "user_name" varchar NOT NULL, "test_id" integer NOT NULL, "test_title" varchar NOT NULL, "question_id" integer NOT NULL, "question_body" varchar NOT NULL, "answer_body" varchar NOT NULL, "answer_positive" boolean DEFAULT NULL, "created_at" datetime(6) NOT NULL, "updated_at" datetime(6) NOT NULL)[0m
  [1m[35m (0.1ms)[0m  [1m[32mINSERT INTO "results" ("id","user_id","user_name","test_id","test_title","question_id","question_body","answer_body","answer_positive","created_at","updated_at")
                     SELECT "id","user_id","user_name","test_id","test_title","question_id","question_body","answer_body","answer_positive","created_at","updated_at" FROM "aresults"[0m
  [1m[35m (0.1ms)[0m  [1m[35mDROP TABLE "aresults"[0m
  [1m[35m (0.1ms)[0m  [1m[35mPRAGMA defer_foreign_keys = 0[0m
  [1m[35m (0.1ms)[0m  [1m[35mPRAGMA foreign_keys = 1[0m
  [1m[35m (0.0ms)[0m  [1m[35mPRAGMA foreign_keys[0m
  [1m[35m (0.1ms)[0m  [1m[35mPRAGMA defer_foreign_keys[0m
  [1m[35m (0.1ms)[0m  [1m[35mPRAGMA defer_foreign_keys = ON[0m
  [1m[35m (0.1ms)[0m  [1m[35mPRAGMA foreign_keys = OFF[0m
  [1m[35m (0.2ms)[0m  [1m[35mCREATE TEMPORARY TABLE "aresults" ("id" integer NOT NULL PRIMARY KEY, "user_id" integer NOT NULL, "user_name" varchar NOT NULL, "test_id" integer NOT NULL, "test_title" varchar NOT NULL, "question_id" integer NOT NULL, "question_body" varchar NOT NULL, "answer_body" varchar NOT NULL, "answer_positive" boolean DEFAULT NULL, "created_at" datetime(6) NOT NULL, "updated_at" datetime(6) NOT NULL)[0m
  [1m[35m (0.2ms)[0m  [1m[32mINSERT INTO "aresults" ("id","user_id","user_name","test_id","test_title","question_id","question_body","answer_body","answer_positive","created_at","updated_at")
                     SELECT "id","user_id","user_name","test_id","test_title","question_id","question_body","answer_body","answer_positive","created_at","updated_at" FROM "results"[0m
  [1m[35m (0.1ms)[0m  [1m[35mDROP TABLE "results"[0m
  [1m[35m (0.4ms)[0m  [1m[35mCREATE TABLE "results" ("id" integer NOT NULL PRIMARY KEY, "user_id" integer NOT NULL, "user_name" varchar NOT NULL, "test_id" integer NOT NULL, "test_title" varchar NOT NULL, "question_id" integer NOT NULL, "question_body" varchar NOT NULL, "answer_body" varchar NOT NULL, "answer_positive" boolean NOT NULL, "created_at" datetime(6) NOT NULL, "updated_at" datetime(6) NOT NULL)[0m
  [1m[35m (0.1ms)[0m  [1m[32mINSERT INTO "results" ("id","user_id","user_name","test_id","test_title","question_id","question_body","answer_body","answer_positive","created_at","updated_at")
                     SELECT "id","user_id","user_name","test_id","test_title","question_id","question_body","answer_body","answer_positive","created_at","updated_at" FROM "aresults"[0m
  [1m[35m (0.1ms)[0m  [1m[35mDROP TABLE "aresults"[0m
  [1m[35m (0.0ms)[0m  [1m[35mPRAGMA defer_foreign_keys = 0[0m
  [1m[35m (0.0ms)[0m  [1m[35mPRAGMA foreign_keys = 1[0m
  [1m[35m (0.0ms)[0m  [1m[35mPRAGMA foreign_keys[0m
  [1m[35m (0.1ms)[0m  [1m[35mPRAGMA defer_foreign_keys[0m
  [1m[35m (0.1ms)[0m  [1m[35mPRAGMA defer_foreign_keys = ON[0m
  [1m[35m (0.1ms)[0m  [1m[35mPRAGMA foreign_keys = OFF[0m
  [1m[35m (0.2ms)[0m  [1m[35mCREATE TEMPORARY TABLE "ausers" ("id" integer NOT NULL PRIMARY KEY, "name" varchar DEFAULT NULL, "role" varchar DEFAULT NULL, "created_at" datetime(6) NOT NULL, "updated_at" datetime(6) NOT NULL, "level" integer DEFAULT NULL)[0m
  [1m[35m (0.1ms)[0m  [1m[32mINSERT INTO "ausers" ("id","name","role","created_at","updated_at","level")
                     SELECT "id","name","role","created_at","updated_at","level" FROM "users"[0m
  [1m[35m (0.3ms)[0m  [1m[35mDROP TABLE "users"[0m
  [1m[35m (0.2ms)[0m  [1m[35mCREATE TABLE "users" ("id" integer NOT NULL PRIMARY KEY, "name" varchar NOT NULL, "role" varchar DEFAULT NULL, "created_at" datetime(6) NOT NULL, "updated_at" datetime(6) NOT NULL, "level" integer DEFAULT NULL)[0m
  [1m[35m (0.1ms)[0m  [1m[32mINSERT INTO "users" ("id","name","role","created_at","updated_at","level")
                     SELECT "id","name","role","created_at","updated_at","level" FROM "ausers"[0m
  [1m[35m (0.1ms)[0m  [1m[35mDROP TABLE "ausers"[0m
  [1m[35m (0.1ms)[0m  [1m[35mPRAGMA defer_foreign_keys = 0[0m
  [1m[35m (0.1ms)[0m  [1m[35mPRAGMA foreign_keys = 1[0m
  [1m[35m (0.0ms)[0m  [1m[35mPRAGMA foreign_keys[0m
  [1m[35m (0.1ms)[0m  [1m[35mPRAGMA defer_foreign_keys[0m
  [1m[35m (0.1ms)[0m  [1m[35mPRAGMA defer_foreign_keys = ON[0m
  [1m[35m (0.1ms)[0m  [1m[35mPRAGMA foreign_keys = OFF[0m
  [1m[35m (0.2ms)[0m  [1m[35mCREATE TEMPORARY TABLE "ausers" ("id" integer NOT NULL PRIMARY KEY, "name" varchar NOT NULL, "role" varchar DEFAULT NULL, "created_at" datetime(6) NOT NULL, "updated_at" datetime(6) NOT NULL, "level" integer DEFAULT NULL)[0m
  [1m[35m (0.1ms)[0m  [1m[32mINSERT INTO "ausers" ("id","name","role","created_at","updated_at","level")
                     SELECT "id","name","role","created_at","updated_at","level" FROM "users"[0m
  [1m[35m (0.2ms)[0m  [1m[35mDROP TABLE "users"[0m
  [1m[35m (0.1ms)[0m  [1m[35mCREATE TABLE "users" ("id" integer NOT NULL PRIMARY KEY, "name" varchar NOT NULL, "role" varchar NOT NULL, "created_at" datetime(6) NOT NULL, "updated_at" datetime(6) NOT NULL, "level" integer DEFAULT NULL)[0m
  [1m[35m (0.1ms)[0m  [1m[32mINSERT INTO "users" ("id","name","role","created_at","updated_at","level")
                     SELECT "id","name","role","created_at","updated_at","level" FROM "ausers"[0m
  [1m[35m (0.1ms)[0m  [1m[35mDROP TABLE "ausers"[0m
  [1m[35m (0.1ms)[0m  [1m[35mPRAGMA defer_foreign_keys = 0[0m
  [1m[35m (0.1ms)[0m  [1m[35mPRAGMA foreign_keys = 1[0m
  [1m[36mActiveRecord::SchemaMigration Create (0.3ms)[0m  [1m[32mINSERT INTO "schema_migrations" ("version") VALUES (?)[0m  [["version", "20230606213635"]]
  [1m[36mTRANSACTION (16.2ms)[0m  [1m[36mcommit transaction[0m
  [1m[36mActiveRecord::InternalMetadata Load (0.2ms)[0m  [1m[34mSELECT "ar_internal_metadata".* FROM "ar_internal_metadata" WHERE "ar_internal_metadata"."key" = ? LIMIT ?[0m  [["key", "environment"], ["LIMIT", 1]]
  [1m[36mActiveRecord::SchemaMigration Pluck (0.2ms)[0m  [1m[34mSELECT "schema_migrations"."version" FROM "schema_migrations" ORDER BY "schema_migrations"."version" ASC[0m
  [1m[36mActiveRecord::SchemaMigration Pluck (0.2ms)[0m  [1m[34mSELECT "schema_migrations"."version" FROM "schema_migrations" ORDER BY "schema_migrations"."version" ASC[0m
Migrating to SetDefaults (20230606214603)
  [1m[36mTRANSACTION (0.1ms)[0m  [1m[36mbegin transaction[0m
  [1m[36mActiveRecord::SchemaMigration Create (0.4ms)[0m  [1m[32mINSERT INTO "schema_migrations" ("version") VALUES (?)[0m  [["version", "20230606214603"]]
  [1m[36mTRANSACTION (27.9ms)[0m  [1m[36mcommit transaction[0m
  [1m[36mActiveRecord::InternalMetadata Load (0.2ms)[0m  [1m[34mSELECT "ar_internal_metadata".* FROM "ar_internal_metadata" WHERE "ar_internal_metadata"."key" = ? LIMIT ?[0m  [["key", "environment"], ["LIMIT", 1]]
  [1m[36mActiveRecord::SchemaMigration Pluck (0.1ms)[0m  [1m[34mSELECT "schema_migrations"."version" FROM "schema_migrations" ORDER BY "schema_migrations"."version" ASC[0m
  [1m[36mActiveRecord::SchemaMigration Pluck (0.3ms)[0m  [1m[34mSELECT "schema_migrations"."version" FROM "schema_migrations" ORDER BY "schema_migrations"."version" ASC[0m
  [1m[36mActiveRecord::SchemaMigration Pluck (0.2ms)[0m  [1m[34mSELECT "schema_migrations"."version" FROM "schema_migrations" ORDER BY "schema_migrations"."version" ASC[0m
  [1m[36mActiveRecord::SchemaMigration Pluck (0.2ms)[0m  [1m[34mSELECT "schema_migrations"."version" FROM "schema_migrations" ORDER BY "schema_migrations"."version" ASC[0m
  [1m[36mActiveRecord::SchemaMigration Pluck (0.1ms)[0m  [1m[34mSELECT "schema_migrations"."version" FROM "schema_migrations" ORDER BY "schema_migrations"."version" ASC[0m
  [1m[36mActiveRecord::SchemaMigration Pluck (0.1ms)[0m  [1m[34mSELECT "schema_migrations"."version" FROM "schema_migrations" ORDER BY "schema_migrations"."version" ASC[0m
Migrating to SetDefaults (20230606214603)
  [1m[36mTRANSACTION (0.1ms)[0m  [1m[36mbegin transaction[0m
  [1m[36mActiveRecord::SchemaMigration Delete All (0.6ms)[0m  [1m[31mDELETE FROM "schema_migrations" WHERE "schema_migrations"."version" = ?[0m  [["version", "20230606214603"]]
  [1m[36mTRANSACTION (12.7ms)[0m  [1m[36mcommit transaction[0m
  [1m[36mActiveRecord::SchemaMigration Pluck (0.2ms)[0m  [1m[34mSELECT "schema_migrations"."version" FROM "schema_migrations" ORDER BY "schema_migrations"."version" ASC[0m
  [1m[36mActiveRecord::SchemaMigration Pluck (0.5ms)[0m  [1m[34mSELECT "schema_migrations"."version" FROM "schema_migrations" ORDER BY "schema_migrations"."version" ASC[0m
  [1m[36mActiveRecord::SchemaMigration Pluck (0.2ms)[0m  [1m[34mSELECT "schema_migrations"."version" FROM "schema_migrations" ORDER BY "schema_migrations"."version" ASC[0m
Migrating to SetDefaults (20230606214603)
  [1m[36mTRANSACTION (0.1ms)[0m  [1m[36mbegin transaction[0m
  [1m[35m (0.1ms)[0m  [1m[35mPRAGMA foreign_keys[0m
  [1m[35m (0.1ms)[0m  [1m[35mPRAGMA defer_foreign_keys[0m
  [1m[35m (0.0ms)[0m  [1m[35mPRAGMA defer_foreign_keys = ON[0m
  [1m[35m (0.0ms)[0m  [1m[35mPRAGMA foreign_keys = OFF[0m
  [1m[35m (0.2ms)[0m  [1m[35mCREATE TEMPORARY TABLE "atests" ("id" integer NOT NULL PRIMARY KEY, "title" varchar NOT NULL, "level" integer DEFAULT NULL, "created_at" datetime(6) NOT NULL, "updated_at" datetime(6) NOT NULL)[0m
  [1m[35m (0.2ms)[0m  [1m[32mINSERT INTO "atests" ("id","title","level","created_at","updated_at")
                     SELECT "id","title","level","created_at","updated_at" FROM "tests"[0m
  [1m[35m (0.3ms)[0m  [1m[35mDROP TABLE "tests"[0m
  [1m[35m (0.1ms)[0m  [1m[35mCREATE TABLE "tests" ("id" integer NOT NULL PRIMARY KEY, "title" varchar NOT NULL, "level" integer DEFAULT 0, "created_at" datetime(6) NOT NULL, "updated_at" datetime(6) NOT NULL)[0m
  [1m[35m (0.1ms)[0m  [1m[32mINSERT INTO "tests" ("id","title","level","created_at","updated_at")
                     SELECT "id","title","level","created_at","updated_at" FROM "atests"[0m
  [1m[35m (0.1ms)[0m  [1m[35mDROP TABLE "atests"[0m
  [1m[35m (0.0ms)[0m  [1m[35mPRAGMA defer_foreign_keys = 0[0m
  [1m[35m (0.0ms)[0m  [1m[35mPRAGMA foreign_keys = 1[0m
  [1m[35m (0.0ms)[0m  [1m[35mPRAGMA foreign_keys[0m
  [1m[35m (0.1ms)[0m  [1m[35mPRAGMA defer_foreign_keys[0m
  [1m[35m (0.1ms)[0m  [1m[35mPRAGMA defer_foreign_keys = ON[0m
  [1m[35m (0.0ms)[0m  [1m[35mPRAGMA foreign_keys = OFF[0m
  [1m[35m (0.1ms)[0m  [1m[35mCREATE TEMPORARY TABLE "aanswers" ("id" integer NOT NULL PRIMARY KEY, "body" varchar NOT NULL, "positive" boolean NOT NULL, "question_id" integer NOT NULL, "created_at" datetime(6) NOT NULL, "updated_at" datetime(6) NOT NULL)[0m
  [1m[35m (0.1ms)[0m  [1m[32mINSERT INTO "aanswers" ("id","body","positive","question_id","created_at","updated_at")
                     SELECT "id","body","positive","question_id","created_at","updated_at" FROM "answers"[0m
  [1m[35m (0.1ms)[0m  [1m[35mDROP TABLE "answers"[0m
  [1m[35m (0.3ms)[0m  [1m[35mCREATE TABLE "answers" ("id" integer NOT NULL PRIMARY KEY, "body" varchar NOT NULL, "positive" boolean DEFAULT 0 NOT NULL, "question_id" integer NOT NULL, "created_at" datetime(6) NOT NULL, "updated_at" datetime(6) NOT NULL)[0m
  [1m[35m (0.1ms)[0m  [1m[32mINSERT INTO "answers" ("id","body","positive","question_id","created_at","updated_at")
                     SELECT "id","body","positive","question_id","created_at","updated_at" FROM "aanswers"[0m
  [1m[35m (0.1ms)[0m  [1m[35mDROP TABLE "aanswers"[0m
  [1m[35m (0.0ms)[0m  [1m[35mPRAGMA defer_foreign_keys = 0[0m
  [1m[35m (0.0ms)[0m  [1m[35mPRAGMA foreign_keys = 1[0m
  [1m[36mActiveRecord::SchemaMigration Create (0.2ms)[0m  [1m[32mINSERT INTO "schema_migrations" ("version") VALUES (?)[0m  [["version", "20230606214603"]]
  [1m[36mTRANSACTION (13.7ms)[0m  [1m[36mcommit transaction[0m
  [1m[36mActiveRecord::InternalMetadata Load (0.2ms)[0m  [1m[34mSELECT "ar_internal_metadata".* FROM "ar_internal_metadata" WHERE "ar_internal_metadata"."key" = ? LIMIT ?[0m  [["key", "environment"], ["LIMIT", 1]]
  [1m[36mActiveRecord::SchemaMigration Pluck (0.1ms)[0m  [1m[34mSELECT "schema_migrations"."version" FROM "schema_migrations" ORDER BY "schema_migrations"."version" ASC[0m
  [1m[36mActiveRecord::SchemaMigration Pluck (0.2ms)[0m  [1m[34mSELECT "schema_migrations"."version" FROM "schema_migrations" ORDER BY "schema_migrations"."version" ASC[0m
